<test-run id="2" testcasecount="120" result="Passed" start-time="2024-09-27 21:50:54.299815" end-time="2024-09-27 21:51:52.551310" duration="58" total="120" passed="114" failed="0" inconclusive="0" skipped="6" asserts="0" clr-version="3.12.6 (tags/v3.12.6:a4a2d2b, Sep  6 2024, 20:11:23) [MSC v.1940 64 bit (AMD64)]" engine-version="3.6.2"><command-line>C:\Users\WIN10\AppData\Local\pypoetry\Cache\virtualenvs\presidio-evaluator-IFEnQHLa-py3.12\Scripts\pytest</command-line><filter /><test-suite id="tests/test_evaluation_result.py" name="tests/test_evaluation_result.py" fullname="tests/test_evaluation_result.py" methodname="" classname="" runstate="Runnable" type="Assembly" testcasecount="2" result="Passed" label="" start-time="2024-09-27 21:51:04.340850" end-time="2024-09-27 21:51:04.345836" duration="0.004986" asserts="0" total="2" passed="2" failed="0" warnings="0" inconclusive="0" skipped="0"><properties><property name="python_version" value="3.12.6 (tags/v3.12.6:a4a2d2b, Sep  6 2024, 20:11:23) [MSC v.1940 64 bit (AMD64)]" /></properties><test-case id="129" name="tests/test_evaluation_result.py::test_to_confusion_matrix" fullname="tests/test_evaluation_result.py::test_to_confusion_matrix" methodname="test_to_confusion_matrix" classname="tests/test_evaluation_result.py" runstate="Runnable" seed="1" result="Passed" label="" start-time="2024-09-27 21:51:04.340850" end-time="2024-09-27 21:51:04.342176" duration="0.001326" asserts="0"><properties><property name="python-version" value="3.12.6 (tags/v3.12.6:a4a2d2b, Sep  6 2024, 20:11:23) [MSC v.1940 64 bit (AMD64)]" /><property name="fspath" value="tests/test_evaluation_result.py" /></properties><environment framework-version="3.6.2" clr-version="3.12.6 (tags/v3.12.6:a4a2d2b, Sep  6 2024, 20:11:23) [MSC v.1940 64 bit (AMD64)]" os-version="10" platform="Windows" cwd="C:\Users\WIN10\Desktop\presidio-research" machine-name="AMD64" user="" user-domain="" culture="he_IL" uiculture="he_IL" os-architecture="64bit" /><failure><message><![CDATA[]]></message><stack-trace><![CDATA[None]]></stack-trace></failure><reason><message><![CDATA[]]></message></reason><output><![CDATA[]]></output></test-case><test-case id="130" name="tests/test_evaluation_result.py::test_str" fullname="tests/test_evaluation_result.py::test_str" methodname="test_str" classname="tests/test_evaluation_result.py" runstate="Runnable" seed="1" result="Passed" label="" start-time="2024-09-27 21:51:04.343841" end-time="2024-09-27 21:51:04.345836" duration="0.001995" asserts="0"><properties><property name="python-version" value="3.12.6 (tags/v3.12.6:a4a2d2b, Sep  6 2024, 20:11:23) [MSC v.1940 64 bit (AMD64)]" /><property name="fspath" value="tests/test_evaluation_result.py" /></properties><environment framework-version="3.6.2" clr-version="3.12.6 (tags/v3.12.6:a4a2d2b, Sep  6 2024, 20:11:23) [MSC v.1940 64 bit (AMD64)]" os-version="10" platform="Windows" cwd="C:\Users\WIN10\Desktop\presidio-research" machine-name="AMD64" user="" user-domain="" culture="he_IL" uiculture="he_IL" os-architecture="64bit" /><failure><message><![CDATA[]]></message><stack-trace><![CDATA[None]]></stack-trace></failure><reason><message><![CDATA[]]></message></reason><output><![CDATA[]]></output></test-case><environment framework-version="3.6.2" clr-version="3.12.6 (tags/v3.12.6:a4a2d2b, Sep  6 2024, 20:11:23) [MSC v.1940 64 bit (AMD64)]" os-version="10" platform="Windows" cwd="C:\Users\WIN10\Desktop\presidio-research" machine-name="AMD64" user="" user-domain="" culture="he_IL" uiculture="he_IL" os-architecture="64bit" /></test-suite><test-suite id="tests/test_spacy_model.py" name="tests/test_spacy_model.py" fullname="tests/test_spacy_model.py" methodname="" classname="" runstate="Runnable" type="Assembly" testcasecount="1" result="Passed" label="" start-time="2024-09-27 21:51:43.809062" end-time="2024-09-27 21:51:49.301746" duration="5.492684" asserts="0" total="1" passed="1" failed="0" warnings="0" inconclusive="0" skipped="0"><properties><property name="python_version" value="3.12.6 (tags/v3.12.6:a4a2d2b, Sep  6 2024, 20:11:23) [MSC v.1940 64 bit (AMD64)]" /></properties><test-case id="173" name="tests/test_spacy_model.py::test_spacy_simple" fullname="tests/test_spacy_model.py::test_spacy_simple" methodname="test_spacy_simple" classname="tests/test_spacy_model.py" runstate="Runnable" seed="1" result="Passed" label="" start-time="2024-09-27 21:51:43.809062" end-time="2024-09-27 21:51:49.301746" duration="5.492684" asserts="0"><properties><property name="python-version" value="3.12.6 (tags/v3.12.6:a4a2d2b, Sep  6 2024, 20:11:23) [MSC v.1940 64 bit (AMD64)]" /><property name="fspath" value="tests/test_spacy_model.py" /></properties><environment framework-version="3.6.2" clr-version="3.12.6 (tags/v3.12.6:a4a2d2b, Sep  6 2024, 20:11:23) [MSC v.1940 64 bit (AMD64)]" os-version="10" platform="Windows" cwd="C:\Users\WIN10\Desktop\presidio-research" machine-name="AMD64" user="" user-domain="" culture="he_IL" uiculture="he_IL" os-architecture="64bit" /><failure><message><![CDATA[]]></message><stack-trace><![CDATA[None]]></stack-trace></failure><reason><message><![CDATA[]]></message></reason><output><![CDATA[]]></output></test-case><environment framework-version="3.6.2" clr-version="3.12.6 (tags/v3.12.6:a4a2d2b, Sep  6 2024, 20:11:23) [MSC v.1940 64 bit (AMD64)]" os-version="10" platform="Windows" cwd="C:\Users\WIN10\Desktop\presidio-research" machine-name="AMD64" user="" user-domain="" culture="he_IL" uiculture="he_IL" os-architecture="64bit" /></test-suite><test-suite id="tests/test_presidio_pseudonymize.py" name="tests/test_presidio_pseudonymize.py" fullname="tests/test_presidio_pseudonymize.py" methodname="" classname="" runstate="Runnable" type="Assembly" testcasecount="3" result="Passed" label="" start-time="2024-09-27 21:51:21.498163" end-time="2024-09-27 21:51:21.674691" duration="0.176528" asserts="0" total="3" passed="3" failed="0" warnings="0" inconclusive="0" skipped="0"><properties><property name="python_version" value="3.12.6 (tags/v3.12.6:a4a2d2b, Sep  6 2024, 20:11:23) [MSC v.1940 64 bit (AMD64)]" /></properties><test-case id="154" name="tests/test_presidio_pseudonymize.py::test_presidio_pseudonymize_two_entities[Hi I live in South Africa and my name is Toma-LOCATION-PERSON-13-25-41-45-Africa-James]" fullname="tests/test_presidio_pseudonymize.py::test_presidio_pseudonymize_two_entities[Hi I live in South Africa and my name is Toma-LOCATION-PERSON-13-25-41-45-Africa-James]" methodname="test_presidio_pseudonymize_two_entities[Hi I live in South Africa and my name is Toma-LOCATION-PERSON-13-25-41-45-Africa-James]" classname="tests/test_presidio_pseudonymize.py" runstate="Runnable" seed="1" result="Passed" label="" start-time="2024-09-27 21:51:21.498163" end-time="2024-09-27 21:51:21.501156" duration="0.002993" asserts="0"><properties><property name="python-version" value="3.12.6 (tags/v3.12.6:a4a2d2b, Sep  6 2024, 20:11:23) [MSC v.1940 64 bit (AMD64)]" /><property name="fspath" value="tests/test_presidio_pseudonymize.py" /></properties><environment framework-version="3.6.2" clr-version="3.12.6 (tags/v3.12.6:a4a2d2b, Sep  6 2024, 20:11:23) [MSC v.1940 64 bit (AMD64)]" os-version="10" platform="Windows" cwd="C:\Users\WIN10\Desktop\presidio-research" machine-name="AMD64" user="" user-domain="" culture="he_IL" uiculture="he_IL" os-architecture="64bit" /><failure><message><![CDATA[]]></message><stack-trace><![CDATA[None]]></stack-trace></failure><reason><message><![CDATA[]]></message></reason><output><![CDATA[]]></output></test-case><test-case id="155" name="tests/test_presidio_pseudonymize.py::test_presidio_pseudonymize_two_entities[Africa is my continent, James-LOCATION-PERSON-0-6-24-29-Africa-James]" fullname="tests/test_presidio_pseudonymize.py::test_presidio_pseudonymize_two_entities[Africa is my continent, James-LOCATION-PERSON-0-6-24-29-Africa-James]" methodname="test_presidio_pseudonymize_two_entities[Africa is my continent, James-LOCATION-PERSON-0-6-24-29-Africa-James]" classname="tests/test_presidio_pseudonymize.py" runstate="Runnable" seed="1" result="Passed" label="" start-time="2024-09-27 21:51:21.503150" end-time="2024-09-27 21:51:21.505182" duration="0.002032" asserts="0"><properties><property name="python-version" value="3.12.6 (tags/v3.12.6:a4a2d2b, Sep  6 2024, 20:11:23) [MSC v.1940 64 bit (AMD64)]" /><property name="fspath" value="tests/test_presidio_pseudonymize.py" /></properties><environment framework-version="3.6.2" clr-version="3.12.6 (tags/v3.12.6:a4a2d2b, Sep  6 2024, 20:11:23) [MSC v.1940 64 bit (AMD64)]" os-version="10" platform="Windows" cwd="C:\Users\WIN10\Desktop\presidio-research" machine-name="AMD64" user="" user-domain="" culture="he_IL" uiculture="he_IL" os-architecture="64bit" /><failure><message><![CDATA[]]></message><stack-trace><![CDATA[None]]></stack-trace></failure><reason><message><![CDATA[]]></message></reason><output><![CDATA[]]></output></test-case><test-case id="156" name="tests/test_presidio_pseudonymize.py::test_simple_scenario" fullname="tests/test_presidio_pseudonymize.py::test_simple_scenario" methodname="test_simple_scenario" classname="tests/test_presidio_pseudonymize.py" runstate="Runnable" seed="1" result="Passed" label="" start-time="2024-09-27 21:51:21.506179" end-time="2024-09-27 21:51:21.674691" duration="0.168512" asserts="0"><properties><property name="python-version" value="3.12.6 (tags/v3.12.6:a4a2d2b, Sep  6 2024, 20:11:23) [MSC v.1940 64 bit (AMD64)]" /><property name="fspath" value="tests/test_presidio_pseudonymize.py" /></properties><environment framework-version="3.6.2" clr-version="3.12.6 (tags/v3.12.6:a4a2d2b, Sep  6 2024, 20:11:23) [MSC v.1940 64 bit (AMD64)]" os-version="10" platform="Windows" cwd="C:\Users\WIN10\Desktop\presidio-research" machine-name="AMD64" user="" user-domain="" culture="he_IL" uiculture="he_IL" os-architecture="64bit" /><failure><message><![CDATA[]]></message><stack-trace><![CDATA[None]]></stack-trace></failure><reason><message><![CDATA[]]></message></reason><output><![CDATA[]]></output></test-case><environment framework-version="3.6.2" clr-version="3.12.6 (tags/v3.12.6:a4a2d2b, Sep  6 2024, 20:11:23) [MSC v.1940 64 bit (AMD64)]" os-version="10" platform="Windows" cwd="C:\Users\WIN10\Desktop\presidio-research" machine-name="AMD64" user="" user-domain="" culture="he_IL" uiculture="he_IL" os-architecture="64bit" /></test-suite><test-suite id="tests/test_recognizers_generated_text.py" name="tests/test_recognizers_generated_text.py" fullname="tests/test_recognizers_generated_text.py" methodname="" classname="" runstate="Runnable" type="Assembly" testcasecount="2" result="Passed" label="" start-time="2024-09-27 21:51:28.146718" end-time="2024-09-27 21:51:32.084583" duration="3.937865" asserts="0" total="2" passed="1" failed="0" warnings="0" inconclusive="0" skipped="1"><properties><property name="python_version" value="3.12.6 (tags/v3.12.6:a4a2d2b, Sep  6 2024, 20:11:23) [MSC v.1940 64 bit (AMD64)]" /></properties><test-case id="160" name="tests/test_recognizers_generated_text.py::test_credit_card_recognizer_with_generated_text[small-set]" fullname="tests/test_recognizers_generated_text.py::test_credit_card_recognizer_with_generated_text[small-set]" methodname="test_credit_card_recognizer_with_generated_text[small-set]" classname="tests/test_recognizers_generated_text.py" runstate="Runnable" seed="1" result="Passed" label="Test credit card recognizer with a generated dataset text file&#10;    :param test_input: input text file location&#10;    :param acceptance_threshold: minimum precision/recall&#10;     allowed for tests to pass" start-time="2024-09-27 21:51:28.146718" end-time="2024-09-27 21:51:32.083586" duration="3.936868" asserts="0"><properties><property name="python-version" value="3.12.6 (tags/v3.12.6:a4a2d2b, Sep  6 2024, 20:11:23) [MSC v.1940 64 bit (AMD64)]" /><property name="fspath" value="tests/test_recognizers_generated_text.py" /></properties><environment framework-version="3.6.2" clr-version="3.12.6 (tags/v3.12.6:a4a2d2b, Sep  6 2024, 20:11:23) [MSC v.1940 64 bit (AMD64)]" os-version="10" platform="Windows" cwd="C:\Users\WIN10\Desktop\presidio-research" machine-name="AMD64" user="" user-domain="" culture="he_IL" uiculture="he_IL" os-architecture="64bit" /><failure><message><![CDATA[]]></message><stack-trace><![CDATA[None]]></stack-trace></failure><reason><message><![CDATA[&#x1b;[33mWARNING &#x1b;[0m presidio-analyzer:ner_model_configuration.py:78 model_to_presidio_entity_mapping is missing from configuration, using default
&#x1b;[33mWARNING &#x1b;[0m presidio-analyzer:ner_model_configuration.py:84 low_score_entity_names is missing from configuration, using default
&#x1b;[33mWARNING &#x1b;[0m presidio-analyzer:ner_model_configuration.py:89 labels_to_ignore is missing from configuration, using default]]></message></reason><output><![CDATA[&#x1b;[33mWARNING &#x1b;[0m presidio-analyzer:ner_model_configuration.py:78 model_to_presidio_entity_mapping is missing from configuration, using default
&#x1b;[33mWARNING &#x1b;[0m presidio-analyzer:ner_model_configuration.py:84 low_score_entity_names is missing from configuration, using default
&#x1b;[33mWARNING &#x1b;[0m presidio-analyzer:ner_model_configuration.py:89 labels_to_ignore is missing from configuration, using default]]></output></test-case><test-case id="161" name="tests/test_recognizers_generated_text.py::test_credit_card_recognizer_with_generated_text[large_set]" fullname="tests/test_recognizers_generated_text.py::test_credit_card_recognizer_with_generated_text[large_set]" methodname="test_credit_card_recognizer_with_generated_text[large_set]" classname="tests/test_recognizers_generated_text.py" runstate="Skipped" seed="1" result="Skipped" label="Test credit card recognizer with a generated dataset text file&#10;    :param test_input: input text file location&#10;    :param acceptance_threshold: minimum precision/recall&#10;     allowed for tests to pass" start-time="2024-09-27 21:51:32.083586" end-time="2024-09-27 21:51:32.084583" duration="0" asserts="0"><properties><property name="python-version" value="3.12.6 (tags/v3.12.6:a4a2d2b, Sep  6 2024, 20:11:23) [MSC v.1940 64 bit (AMD64)]" /><property name="fspath" value="tests/test_recognizers_generated_text.py" /></properties><environment framework-version="3.6.2" clr-version="3.12.6 (tags/v3.12.6:a4a2d2b, Sep  6 2024, 20:11:23) [MSC v.1940 64 bit (AMD64)]" os-version="10" platform="Windows" cwd="C:\Users\WIN10\Desktop\presidio-research" machine-name="AMD64" user="" user-domain="" culture="he_IL" uiculture="he_IL" os-architecture="64bit" /><failure><message><![CDATA[Skipped: need --runslow option to run]]></message><stack-trace><![CDATA[C:\Users\WIN10\Desktop\presidio-research\tests\test_recognizers_generated_text.py::45]]></stack-trace></failure><reason><message><![CDATA[]]></message></reason><output><![CDATA[]]></output></test-case><environment framework-version="3.6.2" clr-version="3.12.6 (tags/v3.12.6:a4a2d2b, Sep  6 2024, 20:11:23) [MSC v.1940 64 bit (AMD64)]" os-version="10" platform="Windows" cwd="C:\Users\WIN10\Desktop\presidio-research" machine-name="AMD64" user="" user-domain="" culture="he_IL" uiculture="he_IL" os-architecture="64bit" /></test-suite><test-suite id="tests/test_crf_model.py" name="tests/test_crf_model.py" fullname="tests/test_crf_model.py" methodname="" classname="" runstate="Runnable" type="Assembly" testcasecount="1" result="Passed" label="" start-time="2024-09-27 21:50:56.068198" end-time="2024-09-27 21:50:56.070236" duration="0.002038" asserts="0" total="1" passed="0" failed="0" warnings="0" inconclusive="0" skipped="1"><properties><property name="python_version" value="3.12.6 (tags/v3.12.6:a4a2d2b, Sep  6 2024, 20:11:23) [MSC v.1940 64 bit (AMD64)]" /></properties><test-case id="112" name="tests/test_crf_model.py::test_crf_simple" fullname="tests/test_crf_model.py::test_crf_simple" methodname="test_crf_simple" classname="tests/test_crf_model.py" runstate="Skipped" seed="1" result="Skipped" label="" start-time="2024-09-27 21:50:56.068198" end-time="2024-09-27 21:50:56.070236" duration="0" asserts="0"><properties><property name="python-version" value="3.12.6 (tags/v3.12.6:a4a2d2b, Sep  6 2024, 20:11:23) [MSC v.1940 64 bit (AMD64)]" /><property name="fspath" value="tests/test_crf_model.py" /></properties><environment framework-version="3.6.2" clr-version="3.12.6 (tags/v3.12.6:a4a2d2b, Sep  6 2024, 20:11:23) [MSC v.1940 64 bit (AMD64)]" os-version="10" platform="Windows" cwd="C:\Users\WIN10\Desktop\presidio-research" machine-name="AMD64" user="" user-domain="" culture="he_IL" uiculture="he_IL" os-architecture="64bit" /><failure><message><![CDATA[Skipped: requires the sklearn_crfsuite library]]></message><stack-trace><![CDATA[C:\Users\WIN10\Desktop\presidio-research\tests\test_crf_model.py::17]]></stack-trace></failure><reason><message><![CDATA[]]></message></reason><output><![CDATA[]]></output></test-case><environment framework-version="3.6.2" clr-version="3.12.6 (tags/v3.12.6:a4a2d2b, Sep  6 2024, 20:11:23) [MSC v.1940 64 bit (AMD64)]" os-version="10" platform="Windows" cwd="C:\Users\WIN10\Desktop\presidio-research" machine-name="AMD64" user="" user-domain="" culture="he_IL" uiculture="he_IL" os-architecture="64bit" /></test-suite><test-suite id="tests/test_spacy_recognizer_generated_text.py" name="tests/test_spacy_recognizer_generated_text.py" fullname="tests/test_spacy_recognizer_generated_text.py" methodname="" classname="" runstate="Runnable" type="Assembly" testcasecount="2" result="Passed" label="" start-time="2024-09-27 21:51:49.303509" end-time="2024-09-27 21:51:52.313928" duration="3.010419" asserts="0" total="2" passed="1" failed="0" warnings="0" inconclusive="0" skipped="1"><properties><property name="python_version" value="3.12.6 (tags/v3.12.6:a4a2d2b, Sep  6 2024, 20:11:23) [MSC v.1940 64 bit (AMD64)]" /></properties><test-case id="174" name="tests/test_spacy_recognizer_generated_text.py::test_spacy_recognizer_with_generated_text[small-set]" fullname="tests/test_spacy_recognizer_generated_text.py::test_spacy_recognizer_with_generated_text[small-set]" methodname="test_spacy_recognizer_with_generated_text[small-set]" classname="tests/test_spacy_recognizer_generated_text.py" runstate="Runnable" seed="1" result="Passed" label="Test spacy recognizer with a generated dataset text file&#10;    :param test_input: input text file location&#10;    :param acceptance_threshold: minimim precision/recall&#10;     allowed for tests to pass" start-time="2024-09-27 21:51:49.303509" end-time="2024-09-27 21:51:52.313389" duration="3.00988" asserts="0"><properties><property name="python-version" value="3.12.6 (tags/v3.12.6:a4a2d2b, Sep  6 2024, 20:11:23) [MSC v.1940 64 bit (AMD64)]" /><property name="fspath" value="tests/test_spacy_recognizer_generated_text.py" /></properties><environment framework-version="3.6.2" clr-version="3.12.6 (tags/v3.12.6:a4a2d2b, Sep  6 2024, 20:11:23) [MSC v.1940 64 bit (AMD64)]" os-version="10" platform="Windows" cwd="C:\Users\WIN10\Desktop\presidio-research" machine-name="AMD64" user="" user-domain="" culture="he_IL" uiculture="he_IL" os-architecture="64bit" /><failure><message><![CDATA[]]></message><stack-trace><![CDATA[None]]></stack-trace></failure><reason><message><![CDATA[&#x1b;[33mWARNING &#x1b;[0m presidio-analyzer:ner_model_configuration.py:78 model_to_presidio_entity_mapping is missing from configuration, using default
&#x1b;[33mWARNING &#x1b;[0m presidio-analyzer:ner_model_configuration.py:84 low_score_entity_names is missing from configuration, using default
&#x1b;[33mWARNING &#x1b;[0m presidio-analyzer:ner_model_configuration.py:89 labels_to_ignore is missing from configuration, using default
&#x1b;[33mWARNING &#x1b;[0m presidio-analyzer:spacy_nlp_engine.py:224 Entity FAC is not mapped to a Presidio entity, but keeping anyway. Add to `NerModelConfiguration.labels_to_ignore` to remove.
&#x1b;[33mWARNING &#x1b;[0m presidio-analyzer:spacy_nlp_engine.py:224 Entity FAC is not mapped to a Presidio entity, but keeping anyway. Add to `NerModelConfiguration.labels_to_ignore` to remove.
&#x1b;[33mWARNING &#x1b;[0m presidio-analyzer:spacy_nlp_engine.py:224 Entity FAC is not mapped to a Presidio entity, but keeping anyway. Add to `NerModelConfiguration.labels_to_ignore` to remove.]]></message></reason><output><![CDATA[&#x1b;[33mWARNING &#x1b;[0m presidio-analyzer:ner_model_configuration.py:78 model_to_presidio_entity_mapping is missing from configuration, using default
&#x1b;[33mWARNING &#x1b;[0m presidio-analyzer:ner_model_configuration.py:84 low_score_entity_names is missing from configuration, using default
&#x1b;[33mWARNING &#x1b;[0m presidio-analyzer:ner_model_configuration.py:89 labels_to_ignore is missing from configuration, using default
&#x1b;[33mWARNING &#x1b;[0m presidio-analyzer:spacy_nlp_engine.py:224 Entity FAC is not mapped to a Presidio entity, but keeping anyway. Add to `NerModelConfiguration.labels_to_ignore` to remove.
&#x1b;[33mWARNING &#x1b;[0m presidio-analyzer:spacy_nlp_engine.py:224 Entity FAC is not mapped to a Presidio entity, but keeping anyway. Add to `NerModelConfiguration.labels_to_ignore` to remove.
&#x1b;[33mWARNING &#x1b;[0m presidio-analyzer:spacy_nlp_engine.py:224 Entity FAC is not mapped to a Presidio entity, but keeping anyway. Add to `NerModelConfiguration.labels_to_ignore` to remove.]]></output></test-case><test-case id="175" name="tests/test_spacy_recognizer_generated_text.py::test_spacy_recognizer_with_generated_text[large-set]" fullname="tests/test_spacy_recognizer_generated_text.py::test_spacy_recognizer_with_generated_text[large-set]" methodname="test_spacy_recognizer_with_generated_text[large-set]" classname="tests/test_spacy_recognizer_generated_text.py" runstate="Skipped" seed="1" result="Skipped" label="Test spacy recognizer with a generated dataset text file&#10;    :param test_input: input text file location&#10;    :param acceptance_threshold: minimim precision/recall&#10;     allowed for tests to pass" start-time="2024-09-27 21:51:52.313928" end-time="2024-09-27 21:51:52.313928" duration="0" asserts="0"><properties><property name="python-version" value="3.12.6 (tags/v3.12.6:a4a2d2b, Sep  6 2024, 20:11:23) [MSC v.1940 64 bit (AMD64)]" /><property name="fspath" value="tests/test_spacy_recognizer_generated_text.py" /></properties><environment framework-version="3.6.2" clr-version="3.12.6 (tags/v3.12.6:a4a2d2b, Sep  6 2024, 20:11:23) [MSC v.1940 64 bit (AMD64)]" os-version="10" platform="Windows" cwd="C:\Users\WIN10\Desktop\presidio-research" machine-name="AMD64" user="" user-domain="" culture="he_IL" uiculture="he_IL" os-architecture="64bit" /><failure><message><![CDATA[Skipped: need --runslow option to run]]></message><stack-trace><![CDATA[C:\Users\WIN10\Desktop\presidio-research\tests\test_spacy_recognizer_generated_text.py::48]]></stack-trace></failure><reason><message><![CDATA[]]></message></reason><output><![CDATA[]]></output></test-case><environment framework-version="3.6.2" clr-version="3.12.6 (tags/v3.12.6:a4a2d2b, Sep  6 2024, 20:11:23) [MSC v.1940 64 bit (AMD64)]" os-version="10" platform="Windows" cwd="C:\Users\WIN10\Desktop\presidio-research" machine-name="AMD64" user="" user-domain="" culture="he_IL" uiculture="he_IL" os-architecture="64bit" /></test-suite><test-suite id="tests/test_record_generator.py" name="tests/test_record_generator.py" fullname="tests/test_record_generator.py" methodname="" classname="" runstate="Runnable" type="Assembly" testcasecount="7" result="Passed" label="" start-time="2024-09-27 21:51:43.356087" end-time="2024-09-27 21:51:43.807274" duration="0.451187" asserts="0" total="7" passed="7" failed="0" warnings="0" inconclusive="0" skipped="0"><properties><property name="python_version" value="3.12.6 (tags/v3.12.6:a4a2d2b, Sep  6 2024, 20:11:23) [MSC v.1940 64 bit (AMD64)]" /></properties><test-case id="166" name="tests/test_record_generator.py::test_record_generator[My name is {{name}} and my email is {{email}}-My name is 1 and my email is a]" fullname="tests/test_record_generator.py::test_record_generator[My name is {{name}} and my email is {{email}}-My name is 1 and my email is a]" methodname="test_record_generator[My name is {{name}} and my email is {{email}}-My name is 1 and my email is a]" classname="tests/test_record_generator.py" runstate="Runnable" seed="1" result="Passed" label="" start-time="2024-09-27 21:51:43.356087" end-time="2024-09-27 21:51:43.435346" duration="0.079259" asserts="0"><properties><property name="python-version" value="3.12.6 (tags/v3.12.6:a4a2d2b, Sep  6 2024, 20:11:23) [MSC v.1940 64 bit (AMD64)]" /><property name="fspath" value="tests/test_record_generator.py" /></properties><environment framework-version="3.6.2" clr-version="3.12.6 (tags/v3.12.6:a4a2d2b, Sep  6 2024, 20:11:23) [MSC v.1940 64 bit (AMD64)]" os-version="10" platform="Windows" cwd="C:\Users\WIN10\Desktop\presidio-research" machine-name="AMD64" user="" user-domain="" culture="he_IL" uiculture="he_IL" os-architecture="64bit" /><failure><message><![CDATA[]]></message><stack-trace><![CDATA[None]]></stack-trace></failure><reason><message><![CDATA[]]></message></reason><output><![CDATA[]]></output></test-case><test-case id="167" name="tests/test_record_generator.py::test_record_generator[My name is {{name}}-My name is 1]" fullname="tests/test_record_generator.py::test_record_generator[My name is {{name}}-My name is 1]" methodname="test_record_generator[My name is {{name}}-My name is 1]" classname="tests/test_record_generator.py" runstate="Runnable" seed="1" result="Passed" label="" start-time="2024-09-27 21:51:43.436170" end-time="2024-09-27 21:51:43.488518" duration="0.052348" asserts="0"><properties><property name="python-version" value="3.12.6 (tags/v3.12.6:a4a2d2b, Sep  6 2024, 20:11:23) [MSC v.1940 64 bit (AMD64)]" /><property name="fspath" value="tests/test_record_generator.py" /></properties><environment framework-version="3.6.2" clr-version="3.12.6 (tags/v3.12.6:a4a2d2b, Sep  6 2024, 20:11:23) [MSC v.1940 64 bit (AMD64)]" os-version="10" platform="Windows" cwd="C:\Users\WIN10\Desktop\presidio-research" machine-name="AMD64" user="" user-domain="" culture="he_IL" uiculture="he_IL" os-architecture="64bit" /><failure><message><![CDATA[]]></message><stack-trace><![CDATA[None]]></stack-trace></failure><reason><message><![CDATA[]]></message></reason><output><![CDATA[]]></output></test-case><test-case id="168" name="tests/test_record_generator.py::test_record_generator[My name is {{name}} {{foo}}.-My name is 1 bar.]" fullname="tests/test_record_generator.py::test_record_generator[My name is {{name}} {{foo}}.-My name is 1 bar.]" methodname="test_record_generator[My name is {{name}} {{foo}}.-My name is 1 bar.]" classname="tests/test_record_generator.py" runstate="Runnable" seed="1" result="Passed" label="" start-time="2024-09-27 21:51:43.489406" end-time="2024-09-27 21:51:43.544211" duration="0.054805" asserts="0"><properties><property name="python-version" value="3.12.6 (tags/v3.12.6:a4a2d2b, Sep  6 2024, 20:11:23) [MSC v.1940 64 bit (AMD64)]" /><property name="fspath" value="tests/test_record_generator.py" /></properties><environment framework-version="3.6.2" clr-version="3.12.6 (tags/v3.12.6:a4a2d2b, Sep  6 2024, 20:11:23) [MSC v.1940 64 bit (AMD64)]" os-version="10" platform="Windows" cwd="C:\Users\WIN10\Desktop\presidio-research" machine-name="AMD64" user="" user-domain="" culture="he_IL" uiculture="he_IL" os-architecture="64bit" /><failure><message><![CDATA[]]></message><stack-trace><![CDATA[None]]></stack-trace></failure><reason><message><![CDATA[]]></message></reason><output><![CDATA[]]></output></test-case><test-case id="169" name="tests/test_record_generator.py::test_record_generator[Foo {{foo}}-Foo bar]" fullname="tests/test_record_generator.py::test_record_generator[Foo {{foo}}-Foo bar]" methodname="test_record_generator[Foo {{foo}}-Foo bar]" classname="tests/test_record_generator.py" runstate="Runnable" seed="1" result="Passed" label="" start-time="2024-09-27 21:51:43.544211" end-time="2024-09-27 21:51:43.632965" duration="0.088754" asserts="0"><properties><property name="python-version" value="3.12.6 (tags/v3.12.6:a4a2d2b, Sep  6 2024, 20:11:23) [MSC v.1940 64 bit (AMD64)]" /><property name="fspath" value="tests/test_record_generator.py" /></properties><environment framework-version="3.6.2" clr-version="3.12.6 (tags/v3.12.6:a4a2d2b, Sep  6 2024, 20:11:23) [MSC v.1940 64 bit (AMD64)]" os-version="10" platform="Windows" cwd="C:\Users\WIN10\Desktop\presidio-research" machine-name="AMD64" user="" user-domain="" culture="he_IL" uiculture="he_IL" os-architecture="64bit" /><failure><message><![CDATA[]]></message><stack-trace><![CDATA[None]]></stack-trace></failure><reason><message><![CDATA[]]></message></reason><output><![CDATA[]]></output></test-case><test-case id="170" name="tests/test_record_generator.py::test_record_generator[pytesting stuff-pytesting stuff]" fullname="tests/test_record_generator.py::test_record_generator[pytesting stuff-pytesting stuff]" methodname="test_record_generator[pytesting stuff-pytesting stuff]" classname="tests/test_record_generator.py" runstate="Runnable" seed="1" result="Passed" label="" start-time="2024-09-27 21:51:43.632965" end-time="2024-09-27 21:51:43.687086" duration="0.054121" asserts="0"><properties><property name="python-version" value="3.12.6 (tags/v3.12.6:a4a2d2b, Sep  6 2024, 20:11:23) [MSC v.1940 64 bit (AMD64)]" /><property name="fspath" value="tests/test_record_generator.py" /></properties><environment framework-version="3.6.2" clr-version="3.12.6 (tags/v3.12.6:a4a2d2b, Sep  6 2024, 20:11:23) [MSC v.1940 64 bit (AMD64)]" os-version="10" platform="Windows" cwd="C:\Users\WIN10\Desktop\presidio-research" machine-name="AMD64" user="" user-domain="" culture="he_IL" uiculture="he_IL" os-architecture="64bit" /><failure><message><![CDATA[]]></message><stack-trace><![CDATA[None]]></stack-trace></failure><reason><message><![CDATA[]]></message></reason><output><![CDATA[]]></output></test-case><test-case id="171" name="tests/test_record_generator.py::test_multiple_generations[add_spans0]" fullname="tests/test_record_generator.py::test_multiple_generations[add_spans0]" methodname="test_multiple_generations[add_spans0]" classname="tests/test_record_generator.py" runstate="Runnable" seed="1" result="Passed" label="" start-time="2024-09-27 21:51:43.689193" end-time="2024-09-27 21:51:43.742344" duration="0.053151" asserts="0"><properties><property name="python-version" value="3.12.6 (tags/v3.12.6:a4a2d2b, Sep  6 2024, 20:11:23) [MSC v.1940 64 bit (AMD64)]" /><property name="fspath" value="tests/test_record_generator.py" /></properties><environment framework-version="3.6.2" clr-version="3.12.6 (tags/v3.12.6:a4a2d2b, Sep  6 2024, 20:11:23) [MSC v.1940 64 bit (AMD64)]" os-version="10" platform="Windows" cwd="C:\Users\WIN10\Desktop\presidio-research" machine-name="AMD64" user="" user-domain="" culture="he_IL" uiculture="he_IL" os-architecture="64bit" /><failure><message><![CDATA[]]></message><stack-trace><![CDATA[None]]></stack-trace></failure><reason><message><![CDATA[]]></message></reason><output><![CDATA[]]></output></test-case><test-case id="172" name="tests/test_record_generator.py::test_template_contains_multiple_of_same_entity[add_spans0]" fullname="tests/test_record_generator.py::test_template_contains_multiple_of_same_entity[add_spans0]" methodname="test_template_contains_multiple_of_same_entity[add_spans0]" classname="tests/test_record_generator.py" runstate="Runnable" seed="1" result="Passed" label="" start-time="2024-09-27 21:51:43.743165" end-time="2024-09-27 21:51:43.807274" duration="0.064109" asserts="0"><properties><property name="python-version" value="3.12.6 (tags/v3.12.6:a4a2d2b, Sep  6 2024, 20:11:23) [MSC v.1940 64 bit (AMD64)]" /><property name="fspath" value="tests/test_record_generator.py" /></properties><environment framework-version="3.6.2" clr-version="3.12.6 (tags/v3.12.6:a4a2d2b, Sep  6 2024, 20:11:23) [MSC v.1940 64 bit (AMD64)]" os-version="10" platform="Windows" cwd="C:\Users\WIN10\Desktop\presidio-research" machine-name="AMD64" user="" user-domain="" culture="he_IL" uiculture="he_IL" os-architecture="64bit" /><failure><message><![CDATA[]]></message><stack-trace><![CDATA[None]]></stack-trace></failure><reason><message><![CDATA[]]></message></reason><output><![CDATA[]]></output></test-case><environment framework-version="3.6.2" clr-version="3.12.6 (tags/v3.12.6:a4a2d2b, Sep  6 2024, 20:11:23) [MSC v.1940 64 bit (AMD64)]" os-version="10" platform="Windows" cwd="C:\Users\WIN10\Desktop\presidio-research" machine-name="AMD64" user="" user-domain="" culture="he_IL" uiculture="he_IL" os-architecture="64bit" /></test-suite><test-suite id="tests/test_base_model.py" name="tests/test_base_model.py" fullname="tests/test_base_model.py" methodname="" classname="" runstate="Runnable" type="Assembly" testcasecount="12" result="Passed" label="" start-time="2024-09-27 21:50:56.027291" end-time="2024-09-27 21:50:56.064242" duration="0.036951" asserts="0" total="12" passed="12" failed="0" warnings="0" inconclusive="0" skipped="0"><properties><property name="python_version" value="3.12.6 (tags/v3.12.6:a4a2d2b, Sep  6 2024, 20:11:23) [MSC v.1940 64 bit (AMD64)]" /></properties><test-case id="100" name="tests/test_base_model.py::test_align_entity_types" fullname="tests/test_base_model.py::test_align_entity_types" methodname="test_align_entity_types" classname="tests/test_base_model.py" runstate="Runnable" seed="1" result="Passed" label="" start-time="2024-09-27 21:50:56.027291" end-time="2024-09-27 21:50:56.029795" duration="0.002504" asserts="0"><properties><property name="python-version" value="3.12.6 (tags/v3.12.6:a4a2d2b, Sep  6 2024, 20:11:23) [MSC v.1940 64 bit (AMD64)]" /><property name="fspath" value="tests/test_base_model.py" /></properties><environment framework-version="3.6.2" clr-version="3.12.6 (tags/v3.12.6:a4a2d2b, Sep  6 2024, 20:11:23) [MSC v.1940 64 bit (AMD64)]" os-version="10" platform="Windows" cwd="C:\Users\WIN10\Desktop\presidio-research" machine-name="AMD64" user="" user-domain="" culture="he_IL" uiculture="he_IL" os-architecture="64bit" /><failure><message><![CDATA[]]></message><stack-trace><![CDATA[None]]></stack-trace></failure><reason><message><![CDATA[]]></message></reason><output><![CDATA[]]></output></test-case><test-case id="101" name="tests/test_base_model.py::test_align_prediction[tags0-expected_tags0-True]" fullname="tests/test_base_model.py::test_align_prediction[tags0-expected_tags0-True]" methodname="test_align_prediction[tags0-expected_tags0-True]" classname="tests/test_base_model.py" runstate="Runnable" seed="1" result="Passed" label="" start-time="2024-09-27 21:50:56.031180" end-time="2024-09-27 21:50:56.032792" duration="0.001612" asserts="0"><properties><property name="python-version" value="3.12.6 (tags/v3.12.6:a4a2d2b, Sep  6 2024, 20:11:23) [MSC v.1940 64 bit (AMD64)]" /><property name="fspath" value="tests/test_base_model.py" /></properties><environment framework-version="3.6.2" clr-version="3.12.6 (tags/v3.12.6:a4a2d2b, Sep  6 2024, 20:11:23) [MSC v.1940 64 bit (AMD64)]" os-version="10" platform="Windows" cwd="C:\Users\WIN10\Desktop\presidio-research" machine-name="AMD64" user="" user-domain="" culture="he_IL" uiculture="he_IL" os-architecture="64bit" /><failure><message><![CDATA[]]></message><stack-trace><![CDATA[None]]></stack-trace></failure><reason><message><![CDATA[]]></message></reason><output><![CDATA[]]></output></test-case><test-case id="102" name="tests/test_base_model.py::test_align_prediction[tags1-expected_tags1-True]" fullname="tests/test_base_model.py::test_align_prediction[tags1-expected_tags1-True]" methodname="test_align_prediction[tags1-expected_tags1-True]" classname="tests/test_base_model.py" runstate="Runnable" seed="1" result="Passed" label="" start-time="2024-09-27 21:50:56.034786" end-time="2024-09-27 21:50:56.035683" duration="0.000897" asserts="0"><properties><property name="python-version" value="3.12.6 (tags/v3.12.6:a4a2d2b, Sep  6 2024, 20:11:23) [MSC v.1940 64 bit (AMD64)]" /><property name="fspath" value="tests/test_base_model.py" /></properties><environment framework-version="3.6.2" clr-version="3.12.6 (tags/v3.12.6:a4a2d2b, Sep  6 2024, 20:11:23) [MSC v.1940 64 bit (AMD64)]" os-version="10" platform="Windows" cwd="C:\Users\WIN10\Desktop\presidio-research" machine-name="AMD64" user="" user-domain="" culture="he_IL" uiculture="he_IL" os-architecture="64bit" /><failure><message><![CDATA[]]></message><stack-trace><![CDATA[None]]></stack-trace></failure><reason><message><![CDATA[]]></message></reason><output><![CDATA[]]></output></test-case><test-case id="103" name="tests/test_base_model.py::test_align_prediction[tags2-expected_tags2-True]" fullname="tests/test_base_model.py::test_align_prediction[tags2-expected_tags2-True]" methodname="test_align_prediction[tags2-expected_tags2-True]" classname="tests/test_base_model.py" runstate="Runnable" seed="1" result="Passed" label="" start-time="2024-09-27 21:50:56.037681" end-time="2024-09-27 21:50:56.038627" duration="0.000946" asserts="0"><properties><property name="python-version" value="3.12.6 (tags/v3.12.6:a4a2d2b, Sep  6 2024, 20:11:23) [MSC v.1940 64 bit (AMD64)]" /><property name="fspath" value="tests/test_base_model.py" /></properties><environment framework-version="3.6.2" clr-version="3.12.6 (tags/v3.12.6:a4a2d2b, Sep  6 2024, 20:11:23) [MSC v.1940 64 bit (AMD64)]" os-version="10" platform="Windows" cwd="C:\Users\WIN10\Desktop\presidio-research" machine-name="AMD64" user="" user-domain="" culture="he_IL" uiculture="he_IL" os-architecture="64bit" /><failure><message><![CDATA[]]></message><stack-trace><![CDATA[None]]></stack-trace></failure><reason><message><![CDATA[]]></message></reason><output><![CDATA[]]></output></test-case><test-case id="104" name="tests/test_base_model.py::test_align_prediction[tags3-expected_tags3-False]" fullname="tests/test_base_model.py::test_align_prediction[tags3-expected_tags3-False]" methodname="test_align_prediction[tags3-expected_tags3-False]" classname="tests/test_base_model.py" runstate="Runnable" seed="1" result="Passed" label="" start-time="2024-09-27 21:50:56.040626" end-time="2024-09-27 21:50:56.041613" duration="0.000987" asserts="0"><properties><property name="python-version" value="3.12.6 (tags/v3.12.6:a4a2d2b, Sep  6 2024, 20:11:23) [MSC v.1940 64 bit (AMD64)]" /><property name="fspath" value="tests/test_base_model.py" /></properties><environment framework-version="3.6.2" clr-version="3.12.6 (tags/v3.12.6:a4a2d2b, Sep  6 2024, 20:11:23) [MSC v.1940 64 bit (AMD64)]" os-version="10" platform="Windows" cwd="C:\Users\WIN10\Desktop\presidio-research" machine-name="AMD64" user="" user-domain="" culture="he_IL" uiculture="he_IL" os-architecture="64bit" /><failure><message><![CDATA[]]></message><stack-trace><![CDATA[None]]></stack-trace></failure><reason><message><![CDATA[]]></message></reason><output><![CDATA[]]></output></test-case><test-case id="105" name="tests/test_base_model.py::test_filter_tags_in_supported_entities[tags0-expected_tags0]" fullname="tests/test_base_model.py::test_filter_tags_in_supported_entities[tags0-expected_tags0]" methodname="test_filter_tags_in_supported_entities[tags0-expected_tags0]" classname="tests/test_base_model.py" runstate="Runnable" seed="1" result="Passed" label="" start-time="2024-09-27 21:50:56.043612" end-time="2024-09-27 21:50:56.044689" duration="0.001077" asserts="0"><properties><property name="python-version" value="3.12.6 (tags/v3.12.6:a4a2d2b, Sep  6 2024, 20:11:23) [MSC v.1940 64 bit (AMD64)]" /><property name="fspath" value="tests/test_base_model.py" /></properties><environment framework-version="3.6.2" clr-version="3.12.6 (tags/v3.12.6:a4a2d2b, Sep  6 2024, 20:11:23) [MSC v.1940 64 bit (AMD64)]" os-version="10" platform="Windows" cwd="C:\Users\WIN10\Desktop\presidio-research" machine-name="AMD64" user="" user-domain="" culture="he_IL" uiculture="he_IL" os-architecture="64bit" /><failure><message><![CDATA[]]></message><stack-trace><![CDATA[None]]></stack-trace></failure><reason><message><![CDATA[]]></message></reason><output><![CDATA[]]></output></test-case><test-case id="106" name="tests/test_base_model.py::test_filter_tags_in_supported_entities[tags1-expected_tags1]" fullname="tests/test_base_model.py::test_filter_tags_in_supported_entities[tags1-expected_tags1]" methodname="test_filter_tags_in_supported_entities[tags1-expected_tags1]" classname="tests/test_base_model.py" runstate="Runnable" seed="1" result="Passed" label="" start-time="2024-09-27 21:50:56.046926" end-time="2024-09-27 21:50:56.048927" duration="0.002001" asserts="0"><properties><property name="python-version" value="3.12.6 (tags/v3.12.6:a4a2d2b, Sep  6 2024, 20:11:23) [MSC v.1940 64 bit (AMD64)]" /><property name="fspath" value="tests/test_base_model.py" /></properties><environment framework-version="3.6.2" clr-version="3.12.6 (tags/v3.12.6:a4a2d2b, Sep  6 2024, 20:11:23) [MSC v.1940 64 bit (AMD64)]" os-version="10" platform="Windows" cwd="C:\Users\WIN10\Desktop\presidio-research" machine-name="AMD64" user="" user-domain="" culture="he_IL" uiculture="he_IL" os-architecture="64bit" /><failure><message><![CDATA[]]></message><stack-trace><![CDATA[None]]></stack-trace></failure><reason><message><![CDATA[]]></message></reason><output><![CDATA[]]></output></test-case><test-case id="107" name="tests/test_base_model.py::test_filter_tags_in_supported_entities[tags2-expected_tags2]" fullname="tests/test_base_model.py::test_filter_tags_in_supported_entities[tags2-expected_tags2]" methodname="test_filter_tags_in_supported_entities[tags2-expected_tags2]" classname="tests/test_base_model.py" runstate="Runnable" seed="1" result="Passed" label="" start-time="2024-09-27 21:50:56.049923" end-time="2024-09-27 21:50:56.051215" duration="0.001292" asserts="0"><properties><property name="python-version" value="3.12.6 (tags/v3.12.6:a4a2d2b, Sep  6 2024, 20:11:23) [MSC v.1940 64 bit (AMD64)]" /><property name="fspath" value="tests/test_base_model.py" /></properties><environment framework-version="3.6.2" clr-version="3.12.6 (tags/v3.12.6:a4a2d2b, Sep  6 2024, 20:11:23) [MSC v.1940 64 bit (AMD64)]" os-version="10" platform="Windows" cwd="C:\Users\WIN10\Desktop\presidio-research" machine-name="AMD64" user="" user-domain="" culture="he_IL" uiculture="he_IL" os-architecture="64bit" /><failure><message><![CDATA[]]></message><stack-trace><![CDATA[None]]></stack-trace></failure><reason><message><![CDATA[]]></message></reason><output><![CDATA[]]></output></test-case><test-case id="108" name="tests/test_base_model.py::test_to_scheme[tags0-expected_tags0-BILUO]" fullname="tests/test_base_model.py::test_to_scheme[tags0-expected_tags0-BILUO]" methodname="test_to_scheme[tags0-expected_tags0-BILUO]" classname="tests/test_base_model.py" runstate="Runnable" seed="1" result="Passed" label="" start-time="2024-09-27 21:50:56.053214" end-time="2024-09-27 21:50:56.054214" duration="0.001" asserts="0"><properties><property name="python-version" value="3.12.6 (tags/v3.12.6:a4a2d2b, Sep  6 2024, 20:11:23) [MSC v.1940 64 bit (AMD64)]" /><property name="fspath" value="tests/test_base_model.py" /></properties><environment framework-version="3.6.2" clr-version="3.12.6 (tags/v3.12.6:a4a2d2b, Sep  6 2024, 20:11:23) [MSC v.1940 64 bit (AMD64)]" os-version="10" platform="Windows" cwd="C:\Users\WIN10\Desktop\presidio-research" machine-name="AMD64" user="" user-domain="" culture="he_IL" uiculture="he_IL" os-architecture="64bit" /><failure><message><![CDATA[]]></message><stack-trace><![CDATA[None]]></stack-trace></failure><reason><message><![CDATA[]]></message></reason><output><![CDATA[]]></output></test-case><test-case id="109" name="tests/test_base_model.py::test_to_scheme[tags1-expected_tags1-BIO]" fullname="tests/test_base_model.py::test_to_scheme[tags1-expected_tags1-BIO]" methodname="test_to_scheme[tags1-expected_tags1-BIO]" classname="tests/test_base_model.py" runstate="Runnable" seed="1" result="Passed" label="" start-time="2024-09-27 21:50:56.056234" end-time="2024-09-27 21:50:56.057205" duration="0.000971" asserts="0"><properties><property name="python-version" value="3.12.6 (tags/v3.12.6:a4a2d2b, Sep  6 2024, 20:11:23) [MSC v.1940 64 bit (AMD64)]" /><property name="fspath" value="tests/test_base_model.py" /></properties><environment framework-version="3.6.2" clr-version="3.12.6 (tags/v3.12.6:a4a2d2b, Sep  6 2024, 20:11:23) [MSC v.1940 64 bit (AMD64)]" os-version="10" platform="Windows" cwd="C:\Users\WIN10\Desktop\presidio-research" machine-name="AMD64" user="" user-domain="" culture="he_IL" uiculture="he_IL" os-architecture="64bit" /><failure><message><![CDATA[]]></message><stack-trace><![CDATA[None]]></stack-trace></failure><reason><message><![CDATA[]]></message></reason><output><![CDATA[]]></output></test-case><test-case id="110" name="tests/test_base_model.py::test_to_scheme[tags2-expected_tags2-BILUO]" fullname="tests/test_base_model.py::test_to_scheme[tags2-expected_tags2-BILUO]" methodname="test_to_scheme[tags2-expected_tags2-BILUO]" classname="tests/test_base_model.py" runstate="Runnable" seed="1" result="Passed" label="" start-time="2024-09-27 21:50:56.059198" end-time="2024-09-27 21:50:56.060607" duration="0.001409" asserts="0"><properties><property name="python-version" value="3.12.6 (tags/v3.12.6:a4a2d2b, Sep  6 2024, 20:11:23) [MSC v.1940 64 bit (AMD64)]" /><property name="fspath" value="tests/test_base_model.py" /></properties><environment framework-version="3.6.2" clr-version="3.12.6 (tags/v3.12.6:a4a2d2b, Sep  6 2024, 20:11:23) [MSC v.1940 64 bit (AMD64)]" os-version="10" platform="Windows" cwd="C:\Users\WIN10\Desktop\presidio-research" machine-name="AMD64" user="" user-domain="" culture="he_IL" uiculture="he_IL" os-architecture="64bit" /><failure><message><![CDATA[]]></message><stack-trace><![CDATA[None]]></stack-trace></failure><reason><message><![CDATA[]]></message></reason><output><![CDATA[]]></output></test-case><test-case id="111" name="tests/test_base_model.py::test_to_log" fullname="tests/test_base_model.py::test_to_log" methodname="test_to_log" classname="tests/test_base_model.py" runstate="Runnable" seed="1" result="Passed" label="" start-time="2024-09-27 21:50:56.062258" end-time="2024-09-27 21:50:56.064242" duration="0.001984" asserts="0"><properties><property name="python-version" value="3.12.6 (tags/v3.12.6:a4a2d2b, Sep  6 2024, 20:11:23) [MSC v.1940 64 bit (AMD64)]" /><property name="fspath" value="tests/test_base_model.py" /></properties><environment framework-version="3.6.2" clr-version="3.12.6 (tags/v3.12.6:a4a2d2b, Sep  6 2024, 20:11:23) [MSC v.1940 64 bit (AMD64)]" os-version="10" platform="Windows" cwd="C:\Users\WIN10\Desktop\presidio-research" machine-name="AMD64" user="" user-domain="" culture="he_IL" uiculture="he_IL" os-architecture="64bit" /><failure><message><![CDATA[]]></message><stack-trace><![CDATA[None]]></stack-trace></failure><reason><message><![CDATA[]]></message></reason><output><![CDATA[]]></output></test-case><environment framework-version="3.6.2" clr-version="3.12.6 (tags/v3.12.6:a4a2d2b, Sep  6 2024, 20:11:23) [MSC v.1940 64 bit (AMD64)]" os-version="10" platform="Windows" cwd="C:\Users\WIN10\Desktop\presidio-research" machine-name="AMD64" user="" user-domain="" culture="he_IL" uiculture="he_IL" os-architecture="64bit" /></test-suite><test-suite id="tests/test_flair_model.py" name="tests/test_flair_model.py" fullname="tests/test_flair_model.py" methodname="" classname="" runstate="Runnable" type="Assembly" testcasecount="1" result="Passed" label="" start-time="2024-09-27 21:51:05.940918" end-time="2024-09-27 21:51:05.941917" duration="0.000999" asserts="0" total="1" passed="0" failed="0" warnings="0" inconclusive="0" skipped="1"><properties><property name="python_version" value="3.12.6 (tags/v3.12.6:a4a2d2b, Sep  6 2024, 20:11:23) [MSC v.1940 64 bit (AMD64)]" /></properties><test-case id="147" name="tests/test_flair_model.py::test_flair_simple" fullname="tests/test_flair_model.py::test_flair_simple" methodname="test_flair_simple" classname="tests/test_flair_model.py" runstate="Skipped" seed="1" result="Skipped" label="" start-time="2024-09-27 21:51:05.940918" end-time="2024-09-27 21:51:05.941917" duration="0" asserts="0"><properties><property name="python-version" value="3.12.6 (tags/v3.12.6:a4a2d2b, Sep  6 2024, 20:11:23) [MSC v.1940 64 bit (AMD64)]" /><property name="fspath" value="tests/test_flair_model.py" /></properties><environment framework-version="3.6.2" clr-version="3.12.6 (tags/v3.12.6:a4a2d2b, Sep  6 2024, 20:11:23) [MSC v.1940 64 bit (AMD64)]" os-version="10" platform="Windows" cwd="C:\Users\WIN10\Desktop\presidio-research" machine-name="AMD64" user="" user-domain="" culture="he_IL" uiculture="he_IL" os-architecture="64bit" /><failure><message><![CDATA[Skipped: requires the Flair library]]></message><stack-trace><![CDATA[C:\Users\WIN10\Desktop\presidio-research\tests\test_flair_model.py::10]]></stack-trace></failure><reason><message><![CDATA[]]></message></reason><output><![CDATA[]]></output></test-case><environment framework-version="3.6.2" clr-version="3.12.6 (tags/v3.12.6:a4a2d2b, Sep  6 2024, 20:11:23) [MSC v.1940 64 bit (AMD64)]" os-version="10" platform="Windows" cwd="C:\Users\WIN10\Desktop\presidio-research" machine-name="AMD64" user="" user-domain="" culture="he_IL" uiculture="he_IL" os-architecture="64bit" /></test-suite><test-suite id="tests/test_span_to_tag.py" name="tests/test_span_to_tag.py" fullname="tests/test_span_to_tag.py" methodname="" classname="" runstate="Runnable" type="Assembly" testcasecount="26" result="Passed" label="" start-time="2024-09-27 21:51:52.388190" end-time="2024-09-27 21:51:52.541552" duration="0.153362" asserts="0" total="26" passed="26" failed="0" warnings="0" inconclusive="0" skipped="0"><properties><property name="python_version" value="3.12.6 (tags/v3.12.6:a4a2d2b, Sep  6 2024, 20:11:23) [MSC v.1940 64 bit (AMD64)]" /></properties><test-case id="188" name="tests/test_span_to_tag.py::test_span_to_bio_multiple_tokens" fullname="tests/test_span_to_tag.py::test_span_to_bio_multiple_tokens" methodname="test_span_to_bio_multiple_tokens" classname="tests/test_span_to_tag.py" runstate="Runnable" seed="1" result="Passed" label="" start-time="2024-09-27 21:51:52.388190" end-time="2024-09-27 21:51:52.403410" duration="0.01522" asserts="0"><properties><property name="python-version" value="3.12.6 (tags/v3.12.6:a4a2d2b, Sep  6 2024, 20:11:23) [MSC v.1940 64 bit (AMD64)]" /><property name="fspath" value="tests/test_span_to_tag.py" /></properties><environment framework-version="3.6.2" clr-version="3.12.6 (tags/v3.12.6:a4a2d2b, Sep  6 2024, 20:11:23) [MSC v.1940 64 bit (AMD64)]" os-version="10" platform="Windows" cwd="C:\Users\WIN10\Desktop\presidio-research" machine-name="AMD64" user="" user-domain="" culture="he_IL" uiculture="he_IL" os-architecture="64bit" /><failure><message><![CDATA[]]></message><stack-trace><![CDATA[None]]></stack-trace></failure><reason><message><![CDATA[]]></message></reason><output><![CDATA[]]></output></test-case><test-case id="189" name="tests/test_span_to_tag.py::test_span_to_bio_single_at_end" fullname="tests/test_span_to_tag.py::test_span_to_bio_single_at_end" methodname="test_span_to_bio_single_at_end" classname="tests/test_span_to_tag.py" runstate="Runnable" seed="1" result="Passed" label="" start-time="2024-09-27 21:51:52.403410" end-time="2024-09-27 21:51:52.411391" duration="0.007981" asserts="0"><properties><property name="python-version" value="3.12.6 (tags/v3.12.6:a4a2d2b, Sep  6 2024, 20:11:23) [MSC v.1940 64 bit (AMD64)]" /><property name="fspath" value="tests/test_span_to_tag.py" /></properties><environment framework-version="3.6.2" clr-version="3.12.6 (tags/v3.12.6:a4a2d2b, Sep  6 2024, 20:11:23) [MSC v.1940 64 bit (AMD64)]" os-version="10" platform="Windows" cwd="C:\Users\WIN10\Desktop\presidio-research" machine-name="AMD64" user="" user-domain="" culture="he_IL" uiculture="he_IL" os-architecture="64bit" /><failure><message><![CDATA[]]></message><stack-trace><![CDATA[None]]></stack-trace></failure><reason><message><![CDATA[]]></message></reason><output><![CDATA[]]></output></test-case><test-case id="190" name="tests/test_span_to_tag.py::test_span_to_biluo_multiple_tokens" fullname="tests/test_span_to_tag.py::test_span_to_biluo_multiple_tokens" methodname="test_span_to_biluo_multiple_tokens" classname="tests/test_span_to_tag.py" runstate="Runnable" seed="1" result="Passed" label="" start-time="2024-09-27 21:51:52.411391" end-time="2024-09-27 21:51:52.418036" duration="0.006645" asserts="0"><properties><property name="python-version" value="3.12.6 (tags/v3.12.6:a4a2d2b, Sep  6 2024, 20:11:23) [MSC v.1940 64 bit (AMD64)]" /><property name="fspath" value="tests/test_span_to_tag.py" /></properties><environment framework-version="3.6.2" clr-version="3.12.6 (tags/v3.12.6:a4a2d2b, Sep  6 2024, 20:11:23) [MSC v.1940 64 bit (AMD64)]" os-version="10" platform="Windows" cwd="C:\Users\WIN10\Desktop\presidio-research" machine-name="AMD64" user="" user-domain="" culture="he_IL" uiculture="he_IL" os-architecture="64bit" /><failure><message><![CDATA[]]></message><stack-trace><![CDATA[None]]></stack-trace></failure><reason><message><![CDATA[]]></message></reason><output><![CDATA[]]></output></test-case><test-case id="191" name="tests/test_span_to_tag.py::test_span_to_biluo_adjacent_entities" fullname="tests/test_span_to_tag.py::test_span_to_biluo_adjacent_entities" methodname="test_span_to_biluo_adjacent_entities" classname="tests/test_span_to_tag.py" runstate="Runnable" seed="1" result="Passed" label="" start-time="2024-09-27 21:51:52.418036" end-time="2024-09-27 21:51:52.426017" duration="0.007981" asserts="0"><properties><property name="python-version" value="3.12.6 (tags/v3.12.6:a4a2d2b, Sep  6 2024, 20:11:23) [MSC v.1940 64 bit (AMD64)]" /><property name="fspath" value="tests/test_span_to_tag.py" /></properties><environment framework-version="3.6.2" clr-version="3.12.6 (tags/v3.12.6:a4a2d2b, Sep  6 2024, 20:11:23) [MSC v.1940 64 bit (AMD64)]" os-version="10" platform="Windows" cwd="C:\Users\WIN10\Desktop\presidio-research" machine-name="AMD64" user="" user-domain="" culture="he_IL" uiculture="he_IL" os-architecture="64bit" /><failure><message><![CDATA[]]></message><stack-trace><![CDATA[None]]></stack-trace></failure><reason><message><![CDATA[]]></message></reason><output><![CDATA[]]></output></test-case><test-case id="192" name="tests/test_span_to_tag.py::test_span_to_biluo_single_at_end" fullname="tests/test_span_to_tag.py::test_span_to_biluo_single_at_end" methodname="test_span_to_biluo_single_at_end" classname="tests/test_span_to_tag.py" runstate="Runnable" seed="1" result="Passed" label="" start-time="2024-09-27 21:51:52.427016" end-time="2024-09-27 21:51:52.432998" duration="0.005982" asserts="0"><properties><property name="python-version" value="3.12.6 (tags/v3.12.6:a4a2d2b, Sep  6 2024, 20:11:23) [MSC v.1940 64 bit (AMD64)]" /><property name="fspath" value="tests/test_span_to_tag.py" /></properties><environment framework-version="3.6.2" clr-version="3.12.6 (tags/v3.12.6:a4a2d2b, Sep  6 2024, 20:11:23) [MSC v.1940 64 bit (AMD64)]" os-version="10" platform="Windows" cwd="C:\Users\WIN10\Desktop\presidio-research" machine-name="AMD64" user="" user-domain="" culture="he_IL" uiculture="he_IL" os-architecture="64bit" /><failure><message><![CDATA[]]></message><stack-trace><![CDATA[None]]></stack-trace></failure><reason><message><![CDATA[]]></message></reason><output><![CDATA[]]></output></test-case><test-case id="193" name="tests/test_span_to_tag.py::test_span_to_biluo_multiple_entities" fullname="tests/test_span_to_tag.py::test_span_to_biluo_multiple_entities" methodname="test_span_to_biluo_multiple_entities" classname="tests/test_span_to_tag.py" runstate="Runnable" seed="1" result="Passed" label="" start-time="2024-09-27 21:51:52.432998" end-time="2024-09-27 21:51:52.439757" duration="0.006759" asserts="0"><properties><property name="python-version" value="3.12.6 (tags/v3.12.6:a4a2d2b, Sep  6 2024, 20:11:23) [MSC v.1940 64 bit (AMD64)]" /><property name="fspath" value="tests/test_span_to_tag.py" /></properties><environment framework-version="3.6.2" clr-version="3.12.6 (tags/v3.12.6:a4a2d2b, Sep  6 2024, 20:11:23) [MSC v.1940 64 bit (AMD64)]" os-version="10" platform="Windows" cwd="C:\Users\WIN10\Desktop\presidio-research" machine-name="AMD64" user="" user-domain="" culture="he_IL" uiculture="he_IL" os-architecture="64bit" /><failure><message><![CDATA[]]></message><stack-trace><![CDATA[None]]></stack-trace></failure><reason><message><![CDATA[]]></message></reason><output><![CDATA[]]></output></test-case><test-case id="194" name="tests/test_span_to_tag.py::test_span_to_bio_multiple_entities" fullname="tests/test_span_to_tag.py::test_span_to_bio_multiple_entities" methodname="test_span_to_bio_multiple_entities" classname="tests/test_span_to_tag.py" runstate="Runnable" seed="1" result="Passed" label="" start-time="2024-09-27 21:51:52.439980" end-time="2024-09-27 21:51:52.447972" duration="0.007992" asserts="0"><properties><property name="python-version" value="3.12.6 (tags/v3.12.6:a4a2d2b, Sep  6 2024, 20:11:23) [MSC v.1940 64 bit (AMD64)]" /><property name="fspath" value="tests/test_span_to_tag.py" /></properties><environment framework-version="3.6.2" clr-version="3.12.6 (tags/v3.12.6:a4a2d2b, Sep  6 2024, 20:11:23) [MSC v.1940 64 bit (AMD64)]" os-version="10" platform="Windows" cwd="C:\Users\WIN10\Desktop\presidio-research" machine-name="AMD64" user="" user-domain="" culture="he_IL" uiculture="he_IL" os-architecture="64bit" /><failure><message><![CDATA[]]></message><stack-trace><![CDATA[None]]></stack-trace></failure><reason><message><![CDATA[]]></message></reason><output><![CDATA[]]></output></test-case><test-case id="195" name="tests/test_span_to_tag.py::test_span_to_bio_specific_input" fullname="tests/test_span_to_tag.py::test_span_to_bio_specific_input" methodname="test_span_to_bio_specific_input" classname="tests/test_span_to_tag.py" runstate="Runnable" seed="1" result="Passed" label="" start-time="2024-09-27 21:51:52.447972" end-time="2024-09-27 21:51:52.462438" duration="0.014466" asserts="0"><properties><property name="python-version" value="3.12.6 (tags/v3.12.6:a4a2d2b, Sep  6 2024, 20:11:23) [MSC v.1940 64 bit (AMD64)]" /><property name="fspath" value="tests/test_span_to_tag.py" /></properties><environment framework-version="3.6.2" clr-version="3.12.6 (tags/v3.12.6:a4a2d2b, Sep  6 2024, 20:11:23) [MSC v.1940 64 bit (AMD64)]" os-version="10" platform="Windows" cwd="C:\Users\WIN10\Desktop\presidio-research" machine-name="AMD64" user="" user-domain="" culture="he_IL" uiculture="he_IL" os-architecture="64bit" /><failure><message><![CDATA[]]></message><stack-trace><![CDATA[None]]></stack-trace></failure><reason><message><![CDATA[]]></message></reason><output><![CDATA[]]></output></test-case><test-case id="196" name="tests/test_span_to_tag.py::test_span_to_biluo_specific_input" fullname="tests/test_span_to_tag.py::test_span_to_biluo_specific_input" methodname="test_span_to_biluo_specific_input" classname="tests/test_span_to_tag.py" runstate="Runnable" seed="1" result="Passed" label="" start-time="2024-09-27 21:51:52.462438" end-time="2024-09-27 21:51:52.470417" duration="0.007979" asserts="0"><properties><property name="python-version" value="3.12.6 (tags/v3.12.6:a4a2d2b, Sep  6 2024, 20:11:23) [MSC v.1940 64 bit (AMD64)]" /><property name="fspath" value="tests/test_span_to_tag.py" /></properties><environment framework-version="3.6.2" clr-version="3.12.6 (tags/v3.12.6:a4a2d2b, Sep  6 2024, 20:11:23) [MSC v.1940 64 bit (AMD64)]" os-version="10" platform="Windows" cwd="C:\Users\WIN10\Desktop\presidio-research" machine-name="AMD64" user="" user-domain="" culture="he_IL" uiculture="he_IL" os-architecture="64bit" /><failure><message><![CDATA[]]></message><stack-trace><![CDATA[None]]></stack-trace></failure><reason><message><![CDATA[]]></message></reason><output><![CDATA[]]></output></test-case><test-case id="197" name="tests/test_span_to_tag.py::test_span_to_biluo_adjecent_identical_entities" fullname="tests/test_span_to_tag.py::test_span_to_biluo_adjecent_identical_entities" methodname="test_span_to_biluo_adjecent_identical_entities" classname="tests/test_span_to_tag.py" runstate="Runnable" seed="1" result="Passed" label="" start-time="2024-09-27 21:51:52.470417" end-time="2024-09-27 21:51:52.479538" duration="0.009121" asserts="0"><properties><property name="python-version" value="3.12.6 (tags/v3.12.6:a4a2d2b, Sep  6 2024, 20:11:23) [MSC v.1940 64 bit (AMD64)]" /><property name="fspath" value="tests/test_span_to_tag.py" /></properties><environment framework-version="3.6.2" clr-version="3.12.6 (tags/v3.12.6:a4a2d2b, Sep  6 2024, 20:11:23) [MSC v.1940 64 bit (AMD64)]" os-version="10" platform="Windows" cwd="C:\Users\WIN10\Desktop\presidio-research" machine-name="AMD64" user="" user-domain="" culture="he_IL" uiculture="he_IL" os-architecture="64bit" /><failure><message><![CDATA[]]></message><stack-trace><![CDATA[None]]></stack-trace></failure><reason><message><![CDATA[]]></message></reason><output><![CDATA[]]></output></test-case><test-case id="198" name="tests/test_span_to_tag.py::test_overlapping_entities_first_ends_in_mid_second" fullname="tests/test_span_to_tag.py::test_overlapping_entities_first_ends_in_mid_second" methodname="test_overlapping_entities_first_ends_in_mid_second" classname="tests/test_span_to_tag.py" runstate="Runnable" seed="1" result="Passed" label="" start-time="2024-09-27 21:51:52.479538" end-time="2024-09-27 21:51:52.487776" duration="0.008238" asserts="0"><properties><property name="python-version" value="3.12.6 (tags/v3.12.6:a4a2d2b, Sep  6 2024, 20:11:23) [MSC v.1940 64 bit (AMD64)]" /><property name="fspath" value="tests/test_span_to_tag.py" /></properties><environment framework-version="3.6.2" clr-version="3.12.6 (tags/v3.12.6:a4a2d2b, Sep  6 2024, 20:11:23) [MSC v.1940 64 bit (AMD64)]" os-version="10" platform="Windows" cwd="C:\Users\WIN10\Desktop\presidio-research" machine-name="AMD64" user="" user-domain="" culture="he_IL" uiculture="he_IL" os-architecture="64bit" /><failure><message><![CDATA[]]></message><stack-trace><![CDATA[None]]></stack-trace></failure><reason><message><![CDATA[]]></message></reason><output><![CDATA[]]></output></test-case><test-case id="199" name="tests/test_span_to_tag.py::test_overlapping_entities_second_embedded_in_first_with_lower_score" fullname="tests/test_span_to_tag.py::test_overlapping_entities_second_embedded_in_first_with_lower_score" methodname="test_overlapping_entities_second_embedded_in_first_with_lower_score" classname="tests/test_span_to_tag.py" runstate="Runnable" seed="1" result="Passed" label="" start-time="2024-09-27 21:51:52.488519" end-time="2024-09-27 21:51:52.497492" duration="0.008973" asserts="0"><properties><property name="python-version" value="3.12.6 (tags/v3.12.6:a4a2d2b, Sep  6 2024, 20:11:23) [MSC v.1940 64 bit (AMD64)]" /><property name="fspath" value="tests/test_span_to_tag.py" /></properties><environment framework-version="3.6.2" clr-version="3.12.6 (tags/v3.12.6:a4a2d2b, Sep  6 2024, 20:11:23) [MSC v.1940 64 bit (AMD64)]" os-version="10" platform="Windows" cwd="C:\Users\WIN10\Desktop\presidio-research" machine-name="AMD64" user="" user-domain="" culture="he_IL" uiculture="he_IL" os-architecture="64bit" /><failure><message><![CDATA[]]></message><stack-trace><![CDATA[None]]></stack-trace></failure><reason><message><![CDATA[]]></message></reason><output><![CDATA[]]></output></test-case><test-case id="200" name="tests/test_span_to_tag.py::test_overlapping_entities_second_embedded_in_first_has_higher_score" fullname="tests/test_span_to_tag.py::test_overlapping_entities_second_embedded_in_first_has_higher_score" methodname="test_overlapping_entities_second_embedded_in_first_has_higher_score" classname="tests/test_span_to_tag.py" runstate="Runnable" seed="1" result="Passed" label="" start-time="2024-09-27 21:51:52.497492" end-time="2024-09-27 21:51:52.504505" duration="0.007013" asserts="0"><properties><property name="python-version" value="3.12.6 (tags/v3.12.6:a4a2d2b, Sep  6 2024, 20:11:23) [MSC v.1940 64 bit (AMD64)]" /><property name="fspath" value="tests/test_span_to_tag.py" /></properties><environment framework-version="3.6.2" clr-version="3.12.6 (tags/v3.12.6:a4a2d2b, Sep  6 2024, 20:11:23) [MSC v.1940 64 bit (AMD64)]" os-version="10" platform="Windows" cwd="C:\Users\WIN10\Desktop\presidio-research" machine-name="AMD64" user="" user-domain="" culture="he_IL" uiculture="he_IL" os-architecture="64bit" /><failure><message><![CDATA[]]></message><stack-trace><![CDATA[None]]></stack-trace></failure><reason><message><![CDATA[]]></message></reason><output><![CDATA[]]></output></test-case><test-case id="201" name="tests/test_span_to_tag.py::test_overlapping_entities_second_embedded_in_first_has_lower_score" fullname="tests/test_span_to_tag.py::test_overlapping_entities_second_embedded_in_first_has_lower_score" methodname="test_overlapping_entities_second_embedded_in_first_has_lower_score" classname="tests/test_span_to_tag.py" runstate="Runnable" seed="1" result="Passed" label="" start-time="2024-09-27 21:51:52.504505" end-time="2024-09-27 21:51:52.512472" duration="0.007967" asserts="0"><properties><property name="python-version" value="3.12.6 (tags/v3.12.6:a4a2d2b, Sep  6 2024, 20:11:23) [MSC v.1940 64 bit (AMD64)]" /><property name="fspath" value="tests/test_span_to_tag.py" /></properties><environment framework-version="3.6.2" clr-version="3.12.6 (tags/v3.12.6:a4a2d2b, Sep  6 2024, 20:11:23) [MSC v.1940 64 bit (AMD64)]" os-version="10" platform="Windows" cwd="C:\Users\WIN10\Desktop\presidio-research" machine-name="AMD64" user="" user-domain="" culture="he_IL" uiculture="he_IL" os-architecture="64bit" /><failure><message><![CDATA[]]></message><stack-trace><![CDATA[None]]></stack-trace></failure><reason><message><![CDATA[]]></message></reason><output><![CDATA[]]></output></test-case><test-case id="202" name="tests/test_span_to_tag.py::test_overlapping_entities_pyramid" fullname="tests/test_span_to_tag.py::test_overlapping_entities_pyramid" methodname="test_overlapping_entities_pyramid" classname="tests/test_span_to_tag.py" runstate="Runnable" seed="1" result="Passed" label="" start-time="2024-09-27 21:51:52.513450" end-time="2024-09-27 21:51:52.519433" duration="0.005983" asserts="0"><properties><property name="python-version" value="3.12.6 (tags/v3.12.6:a4a2d2b, Sep  6 2024, 20:11:23) [MSC v.1940 64 bit (AMD64)]" /><property name="fspath" value="tests/test_span_to_tag.py" /></properties><environment framework-version="3.6.2" clr-version="3.12.6 (tags/v3.12.6:a4a2d2b, Sep  6 2024, 20:11:23) [MSC v.1940 64 bit (AMD64)]" os-version="10" platform="Windows" cwd="C:\Users\WIN10\Desktop\presidio-research" machine-name="AMD64" user="" user-domain="" culture="he_IL" uiculture="he_IL" os-architecture="64bit" /><failure><message><![CDATA[]]></message><stack-trace><![CDATA[None]]></stack-trace></failure><reason><message><![CDATA[]]></message></reason><output><![CDATA[]]></output></test-case><test-case id="203" name="tests/test_span_to_tag.py::test_token_contains_span" fullname="tests/test_span_to_tag.py::test_token_contains_span" methodname="test_token_contains_span" classname="tests/test_span_to_tag.py" runstate="Runnable" seed="1" result="Passed" label="" start-time="2024-09-27 21:51:52.520462" end-time="2024-09-27 21:51:52.530368" duration="0.009906" asserts="0"><properties><property name="python-version" value="3.12.6 (tags/v3.12.6:a4a2d2b, Sep  6 2024, 20:11:23) [MSC v.1940 64 bit (AMD64)]" /><property name="fspath" value="tests/test_span_to_tag.py" /></properties><environment framework-version="3.6.2" clr-version="3.12.6 (tags/v3.12.6:a4a2d2b, Sep  6 2024, 20:11:23) [MSC v.1940 64 bit (AMD64)]" os-version="10" platform="Windows" cwd="C:\Users\WIN10\Desktop\presidio-research" machine-name="AMD64" user="" user-domain="" culture="he_IL" uiculture="he_IL" os-architecture="64bit" /><failure><message><![CDATA[]]></message><stack-trace><![CDATA[None]]></stack-trace></failure><reason><message><![CDATA[]]></message></reason><output><![CDATA[]]></output></test-case><test-case id="204" name="tests/test_span_to_tag.py::test_io_to_scheme[tags0-expected_tags0-IO]" fullname="tests/test_span_to_tag.py::test_io_to_scheme[tags0-expected_tags0-IO]" methodname="test_io_to_scheme[tags0-expected_tags0-IO]" classname="tests/test_span_to_tag.py" runstate="Runnable" seed="1" result="Passed" label="" start-time="2024-09-27 21:51:52.530368" end-time="2024-09-27 21:51:52.531422" duration="0.001054" asserts="0"><properties><property name="python-version" value="3.12.6 (tags/v3.12.6:a4a2d2b, Sep  6 2024, 20:11:23) [MSC v.1940 64 bit (AMD64)]" /><property name="fspath" value="tests/test_span_to_tag.py" /></properties><environment framework-version="3.6.2" clr-version="3.12.6 (tags/v3.12.6:a4a2d2b, Sep  6 2024, 20:11:23) [MSC v.1940 64 bit (AMD64)]" os-version="10" platform="Windows" cwd="C:\Users\WIN10\Desktop\presidio-research" machine-name="AMD64" user="" user-domain="" culture="he_IL" uiculture="he_IL" os-architecture="64bit" /><failure><message><![CDATA[]]></message><stack-trace><![CDATA[None]]></stack-trace></failure><reason><message><![CDATA[]]></message></reason><output><![CDATA[]]></output></test-case><test-case id="205" name="tests/test_span_to_tag.py::test_io_to_scheme[tags1-expected_tags1-BIO]" fullname="tests/test_span_to_tag.py::test_io_to_scheme[tags1-expected_tags1-BIO]" methodname="test_io_to_scheme[tags1-expected_tags1-BIO]" classname="tests/test_span_to_tag.py" runstate="Runnable" seed="1" result="Passed" label="" start-time="2024-09-27 21:51:52.531422" end-time="2024-09-27 21:51:52.532361" duration="0.000939" asserts="0"><properties><property name="python-version" value="3.12.6 (tags/v3.12.6:a4a2d2b, Sep  6 2024, 20:11:23) [MSC v.1940 64 bit (AMD64)]" /><property name="fspath" value="tests/test_span_to_tag.py" /></properties><environment framework-version="3.6.2" clr-version="3.12.6 (tags/v3.12.6:a4a2d2b, Sep  6 2024, 20:11:23) [MSC v.1940 64 bit (AMD64)]" os-version="10" platform="Windows" cwd="C:\Users\WIN10\Desktop\presidio-research" machine-name="AMD64" user="" user-domain="" culture="he_IL" uiculture="he_IL" os-architecture="64bit" /><failure><message><![CDATA[]]></message><stack-trace><![CDATA[None]]></stack-trace></failure><reason><message><![CDATA[]]></message></reason><output><![CDATA[]]></output></test-case><test-case id="206" name="tests/test_span_to_tag.py::test_io_to_scheme[tags2-expected_tags2-BILUO]" fullname="tests/test_span_to_tag.py::test_io_to_scheme[tags2-expected_tags2-BILUO]" methodname="test_io_to_scheme[tags2-expected_tags2-BILUO]" classname="tests/test_span_to_tag.py" runstate="Runnable" seed="1" result="Passed" label="" start-time="2024-09-27 21:51:52.532361" end-time="2024-09-27 21:51:52.533358" duration="0.000997" asserts="0"><properties><property name="python-version" value="3.12.6 (tags/v3.12.6:a4a2d2b, Sep  6 2024, 20:11:23) [MSC v.1940 64 bit (AMD64)]" /><property name="fspath" value="tests/test_span_to_tag.py" /></properties><environment framework-version="3.6.2" clr-version="3.12.6 (tags/v3.12.6:a4a2d2b, Sep  6 2024, 20:11:23) [MSC v.1940 64 bit (AMD64)]" os-version="10" platform="Windows" cwd="C:\Users\WIN10\Desktop\presidio-research" machine-name="AMD64" user="" user-domain="" culture="he_IL" uiculture="he_IL" os-architecture="64bit" /><failure><message><![CDATA[]]></message><stack-trace><![CDATA[None]]></stack-trace></failure><reason><message><![CDATA[]]></message></reason><output><![CDATA[]]></output></test-case><test-case id="207" name="tests/test_span_to_tag.py::test_io_to_scheme[tags3-expected_tags3-IO]" fullname="tests/test_span_to_tag.py::test_io_to_scheme[tags3-expected_tags3-IO]" methodname="test_io_to_scheme[tags3-expected_tags3-IO]" classname="tests/test_span_to_tag.py" runstate="Runnable" seed="1" result="Passed" label="" start-time="2024-09-27 21:51:52.533358" end-time="2024-09-27 21:51:52.534355" duration="0.000997" asserts="0"><properties><property name="python-version" value="3.12.6 (tags/v3.12.6:a4a2d2b, Sep  6 2024, 20:11:23) [MSC v.1940 64 bit (AMD64)]" /><property name="fspath" value="tests/test_span_to_tag.py" /></properties><environment framework-version="3.6.2" clr-version="3.12.6 (tags/v3.12.6:a4a2d2b, Sep  6 2024, 20:11:23) [MSC v.1940 64 bit (AMD64)]" os-version="10" platform="Windows" cwd="C:\Users\WIN10\Desktop\presidio-research" machine-name="AMD64" user="" user-domain="" culture="he_IL" uiculture="he_IL" os-architecture="64bit" /><failure><message><![CDATA[]]></message><stack-trace><![CDATA[None]]></stack-trace></failure><reason><message><![CDATA[]]></message></reason><output><![CDATA[]]></output></test-case><test-case id="208" name="tests/test_span_to_tag.py::test_io_to_scheme[tags4-expected_tags4-BIO]" fullname="tests/test_span_to_tag.py::test_io_to_scheme[tags4-expected_tags4-BIO]" methodname="test_io_to_scheme[tags4-expected_tags4-BIO]" classname="tests/test_span_to_tag.py" runstate="Runnable" seed="1" result="Passed" label="" start-time="2024-09-27 21:51:52.534355" end-time="2024-09-27 21:51:52.535494" duration="0.001139" asserts="0"><properties><property name="python-version" value="3.12.6 (tags/v3.12.6:a4a2d2b, Sep  6 2024, 20:11:23) [MSC v.1940 64 bit (AMD64)]" /><property name="fspath" value="tests/test_span_to_tag.py" /></properties><environment framework-version="3.6.2" clr-version="3.12.6 (tags/v3.12.6:a4a2d2b, Sep  6 2024, 20:11:23) [MSC v.1940 64 bit (AMD64)]" os-version="10" platform="Windows" cwd="C:\Users\WIN10\Desktop\presidio-research" machine-name="AMD64" user="" user-domain="" culture="he_IL" uiculture="he_IL" os-architecture="64bit" /><failure><message><![CDATA[]]></message><stack-trace><![CDATA[None]]></stack-trace></failure><reason><message><![CDATA[]]></message></reason><output><![CDATA[]]></output></test-case><test-case id="209" name="tests/test_span_to_tag.py::test_io_to_scheme[tags5-expected_tags5-BILUO]" fullname="tests/test_span_to_tag.py::test_io_to_scheme[tags5-expected_tags5-BILUO]" methodname="test_io_to_scheme[tags5-expected_tags5-BILUO]" classname="tests/test_span_to_tag.py" runstate="Runnable" seed="1" result="Passed" label="" start-time="2024-09-27 21:51:52.535494" end-time="2024-09-27 21:51:52.536351" duration="0.000857" asserts="0"><properties><property name="python-version" value="3.12.6 (tags/v3.12.6:a4a2d2b, Sep  6 2024, 20:11:23) [MSC v.1940 64 bit (AMD64)]" /><property name="fspath" value="tests/test_span_to_tag.py" /></properties><environment framework-version="3.6.2" clr-version="3.12.6 (tags/v3.12.6:a4a2d2b, Sep  6 2024, 20:11:23) [MSC v.1940 64 bit (AMD64)]" os-version="10" platform="Windows" cwd="C:\Users\WIN10\Desktop\presidio-research" machine-name="AMD64" user="" user-domain="" culture="he_IL" uiculture="he_IL" os-architecture="64bit" /><failure><message><![CDATA[]]></message><stack-trace><![CDATA[None]]></stack-trace></failure><reason><message><![CDATA[]]></message></reason><output><![CDATA[]]></output></test-case><test-case id="210" name="tests/test_span_to_tag.py::test_io_to_scheme[tags6-expected_tags6-BILUO]" fullname="tests/test_span_to_tag.py::test_io_to_scheme[tags6-expected_tags6-BILUO]" methodname="test_io_to_scheme[tags6-expected_tags6-BILUO]" classname="tests/test_span_to_tag.py" runstate="Runnable" seed="1" result="Passed" label="" start-time="2024-09-27 21:51:52.536351" end-time="2024-09-27 21:51:52.537379" duration="0.001028" asserts="0"><properties><property name="python-version" value="3.12.6 (tags/v3.12.6:a4a2d2b, Sep  6 2024, 20:11:23) [MSC v.1940 64 bit (AMD64)]" /><property name="fspath" value="tests/test_span_to_tag.py" /></properties><environment framework-version="3.6.2" clr-version="3.12.6 (tags/v3.12.6:a4a2d2b, Sep  6 2024, 20:11:23) [MSC v.1940 64 bit (AMD64)]" os-version="10" platform="Windows" cwd="C:\Users\WIN10\Desktop\presidio-research" machine-name="AMD64" user="" user-domain="" culture="he_IL" uiculture="he_IL" os-architecture="64bit" /><failure><message><![CDATA[]]></message><stack-trace><![CDATA[None]]></stack-trace></failure><reason><message><![CDATA[]]></message></reason><output><![CDATA[]]></output></test-case><test-case id="211" name="tests/test_span_to_tag.py::test_io_to_scheme[tags7-expected_tags7-BIO]" fullname="tests/test_span_to_tag.py::test_io_to_scheme[tags7-expected_tags7-BIO]" methodname="test_io_to_scheme[tags7-expected_tags7-BIO]" classname="tests/test_span_to_tag.py" runstate="Runnable" seed="1" result="Passed" label="" start-time="2024-09-27 21:51:52.537379" end-time="2024-09-27 21:51:52.538545" duration="0.001166" asserts="0"><properties><property name="python-version" value="3.12.6 (tags/v3.12.6:a4a2d2b, Sep  6 2024, 20:11:23) [MSC v.1940 64 bit (AMD64)]" /><property name="fspath" value="tests/test_span_to_tag.py" /></properties><environment framework-version="3.6.2" clr-version="3.12.6 (tags/v3.12.6:a4a2d2b, Sep  6 2024, 20:11:23) [MSC v.1940 64 bit (AMD64)]" os-version="10" platform="Windows" cwd="C:\Users\WIN10\Desktop\presidio-research" machine-name="AMD64" user="" user-domain="" culture="he_IL" uiculture="he_IL" os-architecture="64bit" /><failure><message><![CDATA[]]></message><stack-trace><![CDATA[None]]></stack-trace></failure><reason><message><![CDATA[]]></message></reason><output><![CDATA[]]></output></test-case><test-case id="212" name="tests/test_span_to_tag.py::test_io_to_scheme[tags8-expected_tags8-BILUO]" fullname="tests/test_span_to_tag.py::test_io_to_scheme[tags8-expected_tags8-BILUO]" methodname="test_io_to_scheme[tags8-expected_tags8-BILUO]" classname="tests/test_span_to_tag.py" runstate="Runnable" seed="1" result="Passed" label="" start-time="2024-09-27 21:51:52.539344" end-time="2024-09-27 21:51:52.540340" duration="0.000996" asserts="0"><properties><property name="python-version" value="3.12.6 (tags/v3.12.6:a4a2d2b, Sep  6 2024, 20:11:23) [MSC v.1940 64 bit (AMD64)]" /><property name="fspath" value="tests/test_span_to_tag.py" /></properties><environment framework-version="3.6.2" clr-version="3.12.6 (tags/v3.12.6:a4a2d2b, Sep  6 2024, 20:11:23) [MSC v.1940 64 bit (AMD64)]" os-version="10" platform="Windows" cwd="C:\Users\WIN10\Desktop\presidio-research" machine-name="AMD64" user="" user-domain="" culture="he_IL" uiculture="he_IL" os-architecture="64bit" /><failure><message><![CDATA[]]></message><stack-trace><![CDATA[None]]></stack-trace></failure><reason><message><![CDATA[]]></message></reason><output><![CDATA[]]></output></test-case><test-case id="213" name="tests/test_span_to_tag.py::test_io_to_scheme[tags9-expected_tags9-BILOU]" fullname="tests/test_span_to_tag.py::test_io_to_scheme[tags9-expected_tags9-BILOU]" methodname="test_io_to_scheme[tags9-expected_tags9-BILOU]" classname="tests/test_span_to_tag.py" runstate="Runnable" seed="1" result="Passed" label="" start-time="2024-09-27 21:51:52.540340" end-time="2024-09-27 21:51:52.541552" duration="0.001212" asserts="0"><properties><property name="python-version" value="3.12.6 (tags/v3.12.6:a4a2d2b, Sep  6 2024, 20:11:23) [MSC v.1940 64 bit (AMD64)]" /><property name="fspath" value="tests/test_span_to_tag.py" /></properties><environment framework-version="3.6.2" clr-version="3.12.6 (tags/v3.12.6:a4a2d2b, Sep  6 2024, 20:11:23) [MSC v.1940 64 bit (AMD64)]" os-version="10" platform="Windows" cwd="C:\Users\WIN10\Desktop\presidio-research" machine-name="AMD64" user="" user-domain="" culture="he_IL" uiculture="he_IL" os-architecture="64bit" /><failure><message><![CDATA[]]></message><stack-trace><![CDATA[None]]></stack-trace></failure><reason><message><![CDATA[]]></message></reason><output><![CDATA[]]></output></test-case><environment framework-version="3.6.2" clr-version="3.12.6 (tags/v3.12.6:a4a2d2b, Sep  6 2024, 20:11:23) [MSC v.1940 64 bit (AMD64)]" os-version="10" platform="Windows" cwd="C:\Users\WIN10\Desktop\presidio-research" machine-name="AM
[...]
6.2" clr-version="3.12.6 (tags/v3.12.6:a4a2d2b, Sep  6 2024, 20:11:23) [MSC v.1940 64 bit (AMD64)]" os-version="10" platform="Windows" cwd="C:\Users\WIN10\Desktop\presidio-research" machine-name="AMD64" user="" user-domain="" culture="he_IL" uiculture="he_IL" os-architecture="64bit" /></test-suite><test-suite id="tests/test_generator.py" name="tests/test_generator.py" fullname="tests/test_generator.py" methodname="" classname="" runstate="Runnable" type="Assembly" testcasecount="3" result="Passed" label="" start-time="2024-09-27 21:51:05.944908" end-time="2024-09-27 21:51:06.407669" duration="0.462761" asserts="0" total="3" passed="3" failed="0" warnings="0" inconclusive="0" skipped="0"><properties><property name="python_version" value="3.12.6 (tags/v3.12.6:a4a2d2b, Sep  6 2024, 20:11:23) [MSC v.1940 64 bit (AMD64)]" /></properties><test-case id="148" name="tests/test_generator.py::test_generator_correct_output" fullname="tests/test_generator.py::test_generator_correct_output" methodname="test_generator_correct_output" classname="tests/test_generator.py" runstate="Runnable" seed="1" result="Passed" label="" start-time="2024-09-27 21:51:05.944908" end-time="2024-09-27 21:51:06.205562" duration="0.260654" asserts="0"><properties><property name="python-version" value="3.12.6 (tags/v3.12.6:a4a2d2b, Sep  6 2024, 20:11:23) [MSC v.1940 64 bit (AMD64)]" /><property name="fspath" value="tests/test_generator.py" /></properties><environment framework-version="3.6.2" clr-version="3.12.6 (tags/v3.12.6:a4a2d2b, Sep  6 2024, 20:11:23) [MSC v.1940 64 bit (AMD64)]" os-version="10" platform="Windows" cwd="C:\Users\WIN10\Desktop\presidio-research" machine-name="AMD64" user="" user-domain="" culture="he_IL" uiculture="he_IL" os-architecture="64bit" /><failure><message><![CDATA[]]></message><stack-trace><![CDATA[None]]></stack-trace></failure><reason><message><![CDATA[]]></message></reason><output><![CDATA[]]></output></test-case><test-case id="149" name="tests/test_generator.py::test_new_provider_no_alias_raises_attribute_error" fullname="tests/test_generator.py::test_new_provider_no_alias_raises_attribute_error" methodname="test_new_provider_no_alias_raises_attribute_error" classname="tests/test_generator.py" runstate="Runnable" seed="1" result="Passed" label="" start-time="2024-09-27 21:51:06.205562" end-time="2024-09-27 21:51:06.283458" duration="0.077896" asserts="0"><properties><property name="python-version" value="3.12.6 (tags/v3.12.6:a4a2d2b, Sep  6 2024, 20:11:23) [MSC v.1940 64 bit (AMD64)]" /><property name="fspath" value="tests/test_generator.py" /></properties><environment framework-version="3.6.2" clr-version="3.12.6 (tags/v3.12.6:a4a2d2b, Sep  6 2024, 20:11:23) [MSC v.1940 64 bit (AMD64)]" os-version="10" platform="Windows" cwd="C:\Users\WIN10\Desktop\presidio-research" machine-name="AMD64" user="" user-domain="" culture="he_IL" uiculture="he_IL" os-architecture="64bit" /><failure><message><![CDATA[]]></message><stack-trace><![CDATA[None]]></stack-trace></failure><reason><message><![CDATA[]]></message></reason><output><![CDATA[]]></output></test-case><test-case id="150" name="tests/test_generator.py::test_new_provider_with_alias" fullname="tests/test_generator.py::test_new_provider_with_alias" methodname="test_new_provider_with_alias" classname="tests/test_generator.py" runstate="Runnable" seed="1" result="Passed" label="" start-time="2024-09-27 21:51:06.284394" end-time="2024-09-27 21:51:06.407669" duration="0.123275" asserts="0"><properties><property name="python-version" value="3.12.6 (tags/v3.12.6:a4a2d2b, Sep  6 2024, 20:11:23) [MSC v.1940 64 bit (AMD64)]" /><property name="fspath" value="tests/test_generator.py" /></properties><environment framework-version="3.6.2" clr-version="3.12.6 (tags/v3.12.6:a4a2d2b, Sep  6 2024, 20:11:23) [MSC v.1940 64 bit (AMD64)]" os-version="10" platform="Windows" cwd="C:\Users\WIN10\Desktop\presidio-research" machine-name="AMD64" user="" user-domain="" culture="he_IL" uiculture="he_IL" os-architecture="64bit" /><failure><message><![CDATA[]]></message><stack-trace><![CDATA[None]]></stack-trace></failure><reason><message><![CDATA[]]></message></reason><output><![CDATA[]]></output></test-case><environment framework-version="3.6.2" clr-version="3.12.6 (tags/v3.12.6:a4a2d2b, Sep  6 2024, 20:11:23) [MSC v.1940 64 bit (AMD64)]" os-version="10" platform="Windows" cwd="C:\Users\WIN10\Desktop\presidio-research" machine-name="AMD64" user="" user-domain="" culture="he_IL" uiculture="he_IL" os-architecture="64bit" /></test-suite><test-suite id="tests/test_presidio_analyzer_wrapper.py" name="tests/test_presidio_analyzer_wrapper.py" fullname="tests/test_presidio_analyzer_wrapper.py" methodname="" classname="" runstate="Runnable" type="Assembly" testcasecount="3" result="Passed" label="" start-time="2024-09-27 21:51:06.410295" end-time="2024-09-27 21:51:21.275629" duration="14.865334" asserts="0" total="3" passed="2" failed="0" warnings="0" inconclusive="0" skipped="1"><properties><property name="python_version" value="3.12.6 (tags/v3.12.6:a4a2d2b, Sep  6 2024, 20:11:23) [MSC v.1940 64 bit (AMD64)]" /></properties><test-case id="151" name="tests/test_presidio_analyzer_wrapper.py::test_analyzer_simple_input" fullname="tests/test_presidio_analyzer_wrapper.py::test_analyzer_simple_input" methodname="test_analyzer_simple_input" classname="tests/test_presidio_analyzer_wrapper.py" runstate="Runnable" seed="1" result="Passed" label="" start-time="2024-09-27 21:51:06.410295" end-time="2024-09-27 21:51:11.144714" duration="4.734419" asserts="0"><properties><property name="python-version" value="3.12.6 (tags/v3.12.6:a4a2d2b, Sep  6 2024, 20:11:23) [MSC v.1940 64 bit (AMD64)]" /><property name="fspath" value="tests/test_presidio_analyzer_wrapper.py" /></properties><environment framework-version="3.6.2" clr-version="3.12.6 (tags/v3.12.6:a4a2d2b, Sep  6 2024, 20:11:23) [MSC v.1940 64 bit (AMD64)]" os-version="10" platform="Windows" cwd="C:\Users\WIN10\Desktop\presidio-research" machine-name="AMD64" user="" user-domain="" culture="he_IL" uiculture="he_IL" os-architecture="64bit" /><failure><message><![CDATA[]]></message><stack-trace><![CDATA[None]]></stack-trace></failure><reason><message><![CDATA[&#x1b;[33mWARNING &#x1b;[0m presidio-analyzer:recognizers_loader_utils.py:119 Recognizer not added to registry because language is not supported by registry - CreditCardRecognizer supported languages: es, registry supported languages: en
&#x1b;[33mWARNING &#x1b;[0m presidio-analyzer:recognizers_loader_utils.py:119 Recognizer not added to registry because language is not supported by registry - CreditCardRecognizer supported languages: it, registry supported languages: en
&#x1b;[33mWARNING &#x1b;[0m presidio-analyzer:recognizers_loader_utils.py:119 Recognizer not added to registry because language is not supported by registry - CreditCardRecognizer supported languages: pl, registry supported languages: en
&#x1b;[33mWARNING &#x1b;[0m presidio-analyzer:recognizers_loader_utils.py:119 Recognizer not added to registry because language is not supported by registry - EsNifRecognizer supported languages: es, registry supported languages: en
&#x1b;[33mWARNING &#x1b;[0m presidio-analyzer:recognizers_loader_utils.py:119 Recognizer not added to registry because language is not supported by registry - EsNieRecognizer supported languages: es, registry supported languages: en
&#x1b;[33mWARNING &#x1b;[0m presidio-analyzer:recognizers_loader_utils.py:119 Recognizer not added to registry because language is not supported by registry - ItDriverLicenseRecognizer supported languages: it, registry supported languages: en
&#x1b;[33mWARNING &#x1b;[0m presidio-analyzer:recognizers_loader_utils.py:119 Recognizer not added to registry because language is not supported by registry - ItFiscalCodeRecognizer supported languages: it, registry supported languages: en
&#x1b;[33mWARNING &#x1b;[0m presidio-analyzer:recognizers_loader_utils.py:119 Recognizer not added to registry because language is not supported by registry - ItVatCodeRecognizer supported languages: it, registry supported languages: en
&#x1b;[33mWARNING &#x1b;[0m presidio-analyzer:recognizers_loader_utils.py:119 Recognizer not added to registry because language is not supported by registry - ItIdentityCardRecognizer supported languages: it, registry supported languages: en
&#x1b;[33mWARNING &#x1b;[0m presidio-analyzer:recognizers_loader_utils.py:119 Recognizer not added to registry because language is not supported by registry - ItPassportRecognizer supported languages: it, registry supported languages: en
&#x1b;[33mWARNING &#x1b;[0m presidio-analyzer:recognizers_loader_utils.py:119 Recognizer not added to registry because language is not supported by registry - PlPeselRecognizer supported languages: pl, registry supported languages: en]]></message></reason><output><![CDATA[&#x1b;[33mWARNING &#x1b;[0m presidio-analyzer:recognizers_loader_utils.py:119 Recognizer not added to registry because language is not supported by registry - CreditCardRecognizer supported languages: es, registry supported languages: en
&#x1b;[33mWARNING &#x1b;[0m presidio-analyzer:recognizers_loader_utils.py:119 Recognizer not added to registry because language is not supported by registry - CreditCardRecognizer supported languages: it, registry supported languages: en
&#x1b;[33mWARNING &#x1b;[0m presidio-analyzer:recognizers_loader_utils.py:119 Recognizer not added to registry because language is not supported by registry - CreditCardRecognizer supported languages: pl, registry supported languages: en
&#x1b;[33mWARNING &#x1b;[0m presidio-analyzer:recognizers_loader_utils.py:119 Recognizer not added to registry because language is not supported by registry - EsNifRecognizer supported languages: es, registry supported languages: en
&#x1b;[33mWARNING &#x1b;[0m presidio-analyzer:recognizers_loader_utils.py:119 Recognizer not added to registry because language is not supported by registry - EsNieRecognizer supported languages: es, registry supported languages: en
&#x1b;[33mWARNING &#x1b;[0m presidio-analyzer:recognizers_loader_utils.py:119 Recognizer not added to registry because language is not supported by registry - ItDriverLicenseRecognizer supported languages: it, registry supported languages: en
&#x1b;[33mWARNING &#x1b;[0m presidio-analyzer:recognizers_loader_utils.py:119 Recognizer not added to registry because language is not supported by registry - ItFiscalCodeRecognizer supported languages: it, registry supported languages: en
&#x1b;[33mWARNING &#x1b;[0m presidio-analyzer:recognizers_loader_utils.py:119 Recognizer not added to registry because language is not supported by registry - ItVatCodeRecognizer supported languages: it, registry supported languages: en
&#x1b;[33mWARNING &#x1b;[0m presidio-analyzer:recognizers_loader_utils.py:119 Recognizer not added to registry because language is not supported by registry - ItIdentityCardRecognizer supported languages: it, registry supported languages: en
&#x1b;[33mWARNING &#x1b;[0m presidio-analyzer:recognizers_loader_utils.py:119 Recognizer not added to registry because language is not supported by registry - ItPassportRecognizer supported languages: it, registry supported languages: en
&#x1b;[33mWARNING &#x1b;[0m presidio-analyzer:recognizers_loader_utils.py:119 Recognizer not added to registry because language is not supported by registry - PlPeselRecognizer supported languages: pl, registry supported languages: en]]></output></test-case><test-case id="152" name="tests/test_presidio_analyzer_wrapper.py::test_analyzer_with_generated_text[small-set]" fullname="tests/test_presidio_analyzer_wrapper.py::test_analyzer_with_generated_text[small-set]" methodname="test_analyzer_with_generated_text[small-set]" classname="tests/test_presidio_analyzer_wrapper.py" runstate="Runnable" seed="1" result="Passed" label="Test analyzer with a generated dataset text file&#10;    :param test_input: input text file location&#10;    :param acceptance_threshold: minimum precision/recall&#10;     allowed for tests to pass" start-time="2024-09-27 21:51:11.146744" end-time="2024-09-27 21:51:21.272605" duration="10.125861" asserts="0"><properties><property name="python-version" value="3.12.6 (tags/v3.12.6:a4a2d2b, Sep  6 2024, 20:11:23) [MSC v.1940 64 bit (AMD64)]" /><property name="fspath" value="tests/test_presidio_analyzer_wrapper.py" /></properties><environment framework-version="3.6.2" clr-version="3.12.6 (tags/v3.12.6:a4a2d2b, Sep  6 2024, 20:11:23) [MSC v.1940 64 bit (AMD64)]" os-version="10" platform="Windows" cwd="C:\Users\WIN10\Desktop\presidio-research" machine-name="AMD64" user="" user-domain="" culture="he_IL" uiculture="he_IL" os-architecture="64bit" /><failure><message><![CDATA[]]></message><stack-trace><![CDATA[None]]></stack-trace></failure><reason><message><![CDATA[&#x1b;[33mWARNING &#x1b;[0m presidio-analyzer:recognizers_loader_utils.py:119 Recognizer not added to registry because language is not supported by registry - CreditCardRecognizer supported languages: es, registry supported languages: en
&#x1b;[33mWARNING &#x1b;[0m presidio-analyzer:recognizers_loader_utils.py:119 Recognizer not added to registry because language is not supported by registry - CreditCardRecognizer supported languages: it, registry supported languages: en
&#x1b;[33mWARNING &#x1b;[0m presidio-analyzer:recognizers_loader_utils.py:119 Recognizer not added to registry because language is not supported by registry - CreditCardRecognizer supported languages: pl, registry supported languages: en
&#x1b;[33mWARNING &#x1b;[0m presidio-analyzer:recognizers_loader_utils.py:119 Recognizer not added to registry because language is not supported by registry - EsNifRecognizer supported languages: es, registry supported languages: en
&#x1b;[33mWARNING &#x1b;[0m presidio-analyzer:recognizers_loader_utils.py:119 Recognizer not added to registry because language is not supported by registry - EsNieRecognizer supported languages: es, registry supported languages: en
&#x1b;[33mWARNING &#x1b;[0m presidio-analyzer:recognizers_loader_utils.py:119 Recognizer not added to registry because language is not supported by registry - ItDriverLicenseRecognizer supported languages: it, registry supported languages: en
&#x1b;[33mWARNING &#x1b;[0m presidio-analyzer:recognizers_loader_utils.py:119 Recognizer not added to registry because language is not supported by registry - ItFiscalCodeRecognizer supported languages: it, registry supported languages: en
&#x1b;[33mWARNING &#x1b;[0m presidio-analyzer:recognizers_loader_utils.py:119 Recognizer not added to registry because language is not supported by registry - ItVatCodeRecognizer supported languages: it, registry supported languages: en
&#x1b;[33mWARNING &#x1b;[0m presidio-analyzer:recognizers_loader_utils.py:119 Recognizer not added to registry because language is not supported by registry - ItIdentityCardRecognizer supported languages: it, registry supported languages: en
&#x1b;[33mWARNING &#x1b;[0m presidio-analyzer:recognizers_loader_utils.py:119 Recognizer not added to registry because language is not supported by registry - ItPassportRecognizer supported languages: it, registry supported languages: en
&#x1b;[33mWARNING &#x1b;[0m presidio-analyzer:recognizers_loader_utils.py:119 Recognizer not added to registry because language is not supported by registry - PlPeselRecognizer supported languages: pl, registry supported languages: en]]></message></reason><output><![CDATA[&#x1b;[33mWARNING &#x1b;[0m presidio-analyzer:recognizers_loader_utils.py:119 Recognizer not added to registry because language is not supported by registry - CreditCardRecognizer supported languages: es, registry supported languages: en
&#x1b;[33mWARNING &#x1b;[0m presidio-analyzer:recognizers_loader_utils.py:119 Recognizer not added to registry because language is not supported by registry - CreditCardRecognizer supported languages: it, registry supported languages: en
&#x1b;[33mWARNING &#x1b;[0m presidio-analyzer:recognizers_loader_utils.py:119 Recognizer not added to registry because language is not supported by registry - CreditCardRecognizer supported languages: pl, registry supported languages: en
&#x1b;[33mWARNING &#x1b;[0m presidio-analyzer:recognizers_loader_utils.py:119 Recognizer not added to registry because language is not supported by registry - EsNifRecognizer supported languages: es, registry supported languages: en
&#x1b;[33mWARNING &#x1b;[0m presidio-analyzer:recognizers_loader_utils.py:119 Recognizer not added to registry because language is not supported by registry - EsNieRecognizer supported languages: es, registry supported languages: en
&#x1b;[33mWARNING &#x1b;[0m presidio-analyzer:recognizers_loader_utils.py:119 Recognizer not added to registry because language is not supported by registry - ItDriverLicenseRecognizer supported languages: it, registry supported languages: en
&#x1b;[33mWARNING &#x1b;[0m presidio-analyzer:recognizers_loader_utils.py:119 Recognizer not added to registry because language is not supported by registry - ItFiscalCodeRecognizer supported languages: it, registry supported languages: en
&#x1b;[33mWARNING &#x1b;[0m presidio-analyzer:recognizers_loader_utils.py:119 Recognizer not added to registry because language is not supported by registry - ItVatCodeRecognizer supported languages: it, registry supported languages: en
&#x1b;[33mWARNING &#x1b;[0m presidio-analyzer:recognizers_loader_utils.py:119 Recognizer not added to registry because language is not supported by registry - ItIdentityCardRecognizer supported languages: it, registry supported languages: en
&#x1b;[33mWARNING &#x1b;[0m presidio-analyzer:recognizers_loader_utils.py:119 Recognizer not added to registry because language is not supported by registry - ItPassportRecognizer supported languages: it, registry supported languages: en
&#x1b;[33mWARNING &#x1b;[0m presidio-analyzer:recognizers_loader_utils.py:119 Recognizer not added to registry because language is not supported by registry - PlPeselRecognizer supported languages: pl, registry supported languages: en]]></output></test-case><test-case id="153" name="tests/test_presidio_analyzer_wrapper.py::test_analyzer_with_generated_text[large-set]" fullname="tests/test_presidio_analyzer_wrapper.py::test_analyzer_with_generated_text[large-set]" methodname="test_analyzer_with_generated_text[large-set]" classname="tests/test_presidio_analyzer_wrapper.py" runstate="Skipped" seed="1" result="Skipped" label="Test analyzer with a generated dataset text file&#10;    :param test_input: input text file location&#10;    :param acceptance_threshold: minimum precision/recall&#10;     allowed for tests to pass" start-time="2024-09-27 21:51:21.274625" end-time="2024-09-27 21:51:21.275629" duration="0" asserts="0"><properties><property name="python-version" value="3.12.6 (tags/v3.12.6:a4a2d2b, Sep  6 2024, 20:11:23) [MSC v.1940 64 bit (AMD64)]" /><property name="fspath" value="tests/test_presidio_analyzer_wrapper.py" /></properties><environment framework-version="3.6.2" clr-version="3.12.6 (tags/v3.12.6:a4a2d2b, Sep  6 2024, 20:11:23) [MSC v.1940 64 bit (AMD64)]" os-version="10" platform="Windows" cwd="C:\Users\WIN10\Desktop\presidio-research" machine-name="AMD64" user="" user-domain="" culture="he_IL" uiculture="he_IL" os-architecture="64bit" /><failure><message><![CDATA[Skipped: need --runslow option to run]]></message><stack-trace><![CDATA[C:\Users\WIN10\Desktop\presidio-research\tests\test_presidio_analyzer_wrapper.py::64]]></stack-trace></failure><reason><message><![CDATA[]]></message></reason><output><![CDATA[]]></output></test-case><environment framework-version="3.6.2" clr-version="3.12.6 (tags/v3.12.6:a4a2d2b, Sep  6 2024, 20:11:23) [MSC v.1940 64 bit (AMD64)]" os-version="10" platform="Windows" cwd="C:\Users\WIN10\Desktop\presidio-research" machine-name="AMD64" user="" user-domain="" culture="he_IL" uiculture="he_IL" os-architecture="64bit" /></test-suite></test-run>